<?xml version="1.0" encoding="UTF-8"?>
<testsuites name="Bespoke Admin Pages" time="273.108" tests="51" failures="1" errors="0">
   <testsuite name="Bespoke Admin Pages" tests="51" failures="1" errors="0" time="273.108" timestamp="2020-03-20 15:04:43" hostname="ARCADIER03 - 192.168.254.105" id="Test Suites/Admin/Language/Edit Text/Bespoke/Admin Pages/Bespoke Admin Pages">
      <properties>
         <property name="deviceName" value=""/>
         <property name="devicePlatform" value=""/>
         <property name="logFolder" value="C:\\Katalon\\Arctick\\Reports\\20200320_150440\\Admin\\Language\\Edit Text\\Bespoke\\Admin Pages\\Bespoke Admin Pages\\20200320_150440"/>
         <property name="logFiles" value="C:\\Katalon\\Arctick\\Reports\\20200320_150440\\Admin\\Language\\Edit Text\\Bespoke\\Admin Pages\\Bespoke Admin Pages\\20200320_150440\\execution0.log"/>
         <property name="attachments" value="C:\\Katalon\\Arctick\\Reports\\20200320_150440\\Admin\\Language\\Edit Text\\Bespoke\\Admin Pages\\Bespoke Admin Pages\\20200320_150440\\1584687936964.png"/>
         <property name="hostName" value="ARCADIER03 - 192.168.254.105"/>
         <property name="os" value="Windows 7 64bit"/>
         <property name="katalonVersion" value="7.2.6.1"/>
         <property name="browser" value="Chrome 80.0.3987.149"/>
         <property name="hostAddress" value="192.168.254.105"/>
         <property name="sessionId" value="1047ba07f4d7d3f0b09558b7ee935cff"/>
         <property name="seleniumVersion" value="3.141.59"/>
         <property name="proxyInformation" value="ProxyInformation{proxyOption=NO_PROXY, proxyServerType=HTTP, password=, proxyServerAddress=, proxyServerPort=0, executionList=}"/>
         <property name="platform" value="Windows 7"/>
      </properties>
      <testcase name="Test Cases/ADMIN/Language/Edit Text/Bespoke/Admin Pages/About Us Navigation" time="7.932" classname="Test Cases/ADMIN/Language/Edit Text/Bespoke/Admin Pages/About Us Navigation" status="PASSED">
         <system-out><![CDATA[2020-03-20 15:04:43 - [TEST_CASE][PASSED] - Test Cases/ADMIN/Language/Edit Text/Bespoke/Admin Pages/About Us Navigation: Test Cases/ADMIN/Language/Edit Text/Bespoke/Admin Pages/About Us Navigation

2020-03-20 15:04:44 - [TEST_STEP][PASSED] - waitForElementVisible(findTestObject("ADMIN/Language/sidemenu_Language"), 0): Object 'Object Repository/ADMIN/Language/sidemenu_Language' is visible

2020-03-20 15:04:45 - [MESSAGE][WARNING] - Timeout '0' is invalid. Using default page load timeout: '30'

2020-03-20 15:04:47 - [MESSAGE][PASSED] - Object 'Object Repository/ADMIN/Language/sidemenu_Language' is visible

2020-03-20 15:04:47 - [TEST_STEP][PASSED] - click(findTestObject("ADMIN/Language/sidemenu_Language"), CONTINUE_ON_FAILURE): Object: 'Object Repository/ADMIN/Language/sidemenu_Language' is clicked on

2020-03-20 15:04:47 - [MESSAGE][PASSED] - Object: 'Object Repository/ADMIN/Language/sidemenu_Language' is clicked on

2020-03-20 15:04:47 - [TEST_STEP][PASSED] - waitForElementVisible(findTestObject("ADMIN/Language/sidemenu_Edit Text"), 0): Object 'Object Repository/ADMIN/Language/sidemenu_Edit Text' is visible

2020-03-20 15:04:47 - [MESSAGE][WARNING] - Timeout '0' is invalid. Using default page load timeout: '30'

2020-03-20 15:04:48 - [MESSAGE][PASSED] - Object 'Object Repository/ADMIN/Language/sidemenu_Edit Text' is visible

2020-03-20 15:04:48 - [TEST_STEP][PASSED] - click(findTestObject("ADMIN/Language/sidemenu_Edit Text"), CONTINUE_ON_FAILURE): Object: 'Object Repository/ADMIN/Language/sidemenu_Edit Text' is clicked on

2020-03-20 15:04:49 - [MESSAGE][PASSED] - Object: 'Object Repository/ADMIN/Language/sidemenu_Edit Text' is clicked on

2020-03-20 15:04:49 - [TEST_STEP][PASSED] - waitForElementVisible(findTestObject("ADMIN/Edit Text/Bespoke/Admin Navigation/dd_icon"), 0): Object 'Object Repository/ADMIN/Edit Text/Bespoke/Admin Navigation/dd_icon' is visible

2020-03-20 15:04:49 - [MESSAGE][WARNING] - Timeout '0' is invalid. Using default page load timeout: '30'

2020-03-20 15:04:49 - [MESSAGE][PASSED] - Object 'Object Repository/ADMIN/Edit Text/Bespoke/Admin Navigation/dd_icon' is visible

2020-03-20 15:04:49 - [TEST_STEP][PASSED] - click(findTestObject("ADMIN/Edit Text/Bespoke/Admin Navigation/dd_icon"), CONTINUE_ON_FAILURE): Object: 'Object Repository/ADMIN/Edit Text/Bespoke/Admin Navigation/dd_icon' is clicked on

2020-03-20 15:04:49 - [MESSAGE][PASSED] - Object: 'Object Repository/ADMIN/Edit Text/Bespoke/Admin Navigation/dd_icon' is clicked on

2020-03-20 15:04:49 - [TEST_STEP][PASSED] - waitForElementVisible(findTestObject("ADMIN/Edit Text/Bespoke/Admin Navigation/span_About Us"), 0): Object 'Object Repository/ADMIN/Edit Text/Bespoke/Admin Navigation/span_About Us' is visible

2020-03-20 15:04:49 - [MESSAGE][WARNING] - Timeout '0' is invalid. Using default page load timeout: '30'

2020-03-20 15:04:49 - [MESSAGE][PASSED] - Object 'Object Repository/ADMIN/Edit Text/Bespoke/Admin Navigation/span_About Us' is visible

2020-03-20 15:04:49 - [TEST_STEP][PASSED] - click(findTestObject("ADMIN/Edit Text/Bespoke/Admin Navigation/span_About Us"), CONTINUE_ON_FAILURE): Object: 'Object Repository/ADMIN/Edit Text/Bespoke/Admin Navigation/span_About Us' is clicked on

2020-03-20 15:04:51 - [MESSAGE][PASSED] - Object: 'Object Repository/ADMIN/Edit Text/Bespoke/Admin Navigation/span_About Us' is clicked on

2020-03-20 15:04:51 - [TEST_STEP][PASSED] - waitForElementVisible(findTestObject("ADMIN/Edit Text/Bespoke/Buyer Navigation/dd_language"), 0): Object 'Object Repository/ADMIN/Edit Text/Bespoke/Buyer Navigation/dd_language' is visible

2020-03-20 15:04:51 - [MESSAGE][WARNING] - Timeout '0' is invalid. Using default page load timeout: '30'

2020-03-20 15:04:51 - [MESSAGE][PASSED] - Object 'Object Repository/ADMIN/Edit Text/Bespoke/Buyer Navigation/dd_language' is visible]]></system-out>
         <system-err><![CDATA[]]></system-err>
      </testcase>
      <testcase name="Test Cases/ADMIN/Language/Edit Text/Bespoke/Admin Pages/About Us" time="2.851" classname="Test Cases/ADMIN/Language/Edit Text/Bespoke/Admin Pages/About Us" status="PASSED">
         <system-out><![CDATA[2020-03-20 15:04:51 - [TEST_CASE][PASSED] - Test Cases/ADMIN/Language/Edit Text/Bespoke/Admin Pages/About Us: Test Cases/ADMIN/Language/Edit Text/Bespoke/Admin Pages/About Us

2020-03-20 15:04:52 - [TEST_STEP][PASSED] - waitForElementVisible(findTestObject("ADMIN/Edit Text/Bespoke/Buyer Navigation/dd_language"), 0): Object 'Object Repository/ADMIN/Edit Text/Bespoke/Buyer Navigation/dd_language' is visible

2020-03-20 15:04:52 - [MESSAGE][WARNING] - Timeout '0' is invalid. Using default page load timeout: '30'

2020-03-20 15:04:52 - [MESSAGE][PASSED] - Object 'Object Repository/ADMIN/Edit Text/Bespoke/Buyer Navigation/dd_language' is visible

2020-03-20 15:04:52 - [TEST_STEP][PASSED] - selectOptionByLabel(findTestObject("ADMIN/Edit Text/Bespoke/Buyer Navigation/dd_language"), varLanguage, false): All options with label 'French' are selected in object 'Object Repository/ADMIN/Edit Text/Bespoke/Buyer Navigation/dd_language' 

2020-03-20 15:04:53 - [MESSAGE][PASSED] - All options with label 'French' are selected in object 'Object Repository/ADMIN/Edit Text/Bespoke/Buyer Navigation/dd_language' 

2020-03-20 15:04:53 - [TEST_STEP][PASSED] - sendKeys(findTestObject("ADMIN/Edit Text/Bespoke/Admin Pages/About Us/input_ABOUT_lbl_title"), "*"): Keys '*' sent to object: 'Object Repository/ADMIN/Edit Text/Bespoke/Admin Pages/About Us/input_ABOUT_lbl_title'

2020-03-20 15:04:53 - [MESSAGE][PASSED] - Keys '*' sent to object: 'Object Repository/ADMIN/Edit Text/Bespoke/Admin Pages/About Us/input_ABOUT_lbl_title'

2020-03-20 15:04:53 - [TEST_STEP][PASSED] - sendKeys(findTestObject("ADMIN/Edit Text/Bespoke/Admin Pages/About Us/div_FontFormat_nicEdit-main nicEdit-selected"), "*"): Keys '*' sent to object: 'Object Repository/ADMIN/Edit Text/Bespoke/Admin Pages/About Us/div_FontFormat_nicEdit-main nicEdit-selected'

2020-03-20 15:04:54 - [MESSAGE][PASSED] - Keys '*' sent to object: 'Object Repository/ADMIN/Edit Text/Bespoke/Admin Pages/About Us/div_FontFormat_nicEdit-main nicEdit-selected'

2020-03-20 15:04:54 - [TEST_STEP][PASSED] - click(findTestObject("ADMIN/Edit Text/Bespoke/Buyer Pages/Homepage/button_save"), CONTINUE_ON_FAILURE): Object: 'Object Repository/ADMIN/Edit Text/Bespoke/Buyer Pages/Homepage/button_save' is clicked on

2020-03-20 15:04:54 - [MESSAGE][PASSED] - Object: 'Object Repository/ADMIN/Edit Text/Bespoke/Buyer Pages/Homepage/button_save' is clicked on

2020-03-20 15:04:54 - [TEST_STEP][PASSED] - waitForElementVisible(findTestObject("ADMIN/Edit Text/Bespoke/Buyer Pages/Homepage/toaster_success About"), 0): Object 'Object Repository/ADMIN/Edit Text/Bespoke/Buyer Pages/Homepage/toaster_success About' is visible

2020-03-20 15:04:54 - [MESSAGE][WARNING] - Timeout '0' is invalid. Using default page load timeout: '30'

2020-03-20 15:04:54 - [MESSAGE][PASSED] - Object 'Object Repository/ADMIN/Edit Text/Bespoke/Buyer Pages/Homepage/toaster_success About' is visible]]></system-out>
         <system-err><![CDATA[]]></system-err>
      </testcase>
      <testcase name="Test Cases/ADMIN/Language/Edit Text/Bespoke/Admin Pages/About Us" time="3.643" classname="Test Cases/ADMIN/Language/Edit Text/Bespoke/Admin Pages/About Us" status="PASSED">
         <system-out><![CDATA[2020-03-20 15:04:54 - [TEST_CASE][PASSED] - Test Cases/ADMIN/Language/Edit Text/Bespoke/Admin Pages/About Us: Test Cases/ADMIN/Language/Edit Text/Bespoke/Admin Pages/About Us

2020-03-20 15:04:54 - [TEST_STEP][PASSED] - waitForElementVisible(findTestObject("ADMIN/Edit Text/Bespoke/Buyer Navigation/dd_language"), 0): Object 'Object Repository/ADMIN/Edit Text/Bespoke/Buyer Navigation/dd_language' is visible

2020-03-20 15:04:54 - [MESSAGE][WARNING] - Timeout '0' is invalid. Using default page load timeout: '30'

2020-03-20 15:04:55 - [MESSAGE][PASSED] - Object 'Object Repository/ADMIN/Edit Text/Bespoke/Buyer Navigation/dd_language' is visible

2020-03-20 15:04:55 - [TEST_STEP][PASSED] - selectOptionByLabel(findTestObject("ADMIN/Edit Text/Bespoke/Buyer Navigation/dd_language"), varLanguage, false): All options with label 'Spanish' are selected in object 'Object Repository/ADMIN/Edit Text/Bespoke/Buyer Navigation/dd_language' 

2020-03-20 15:04:56 - [MESSAGE][PASSED] - All options with label 'Spanish' are selected in object 'Object Repository/ADMIN/Edit Text/Bespoke/Buyer Navigation/dd_language' 

2020-03-20 15:04:56 - [TEST_STEP][PASSED] - sendKeys(findTestObject("ADMIN/Edit Text/Bespoke/Admin Pages/About Us/input_ABOUT_lbl_title"), "*"): Keys '*' sent to object: 'Object Repository/ADMIN/Edit Text/Bespoke/Admin Pages/About Us/input_ABOUT_lbl_title'

2020-03-20 15:04:56 - [MESSAGE][PASSED] - Keys '*' sent to object: 'Object Repository/ADMIN/Edit Text/Bespoke/Admin Pages/About Us/input_ABOUT_lbl_title'

2020-03-20 15:04:56 - [TEST_STEP][PASSED] - sendKeys(findTestObject("ADMIN/Edit Text/Bespoke/Admin Pages/About Us/div_FontFormat_nicEdit-main nicEdit-selected"), "*"): Keys '*' sent to object: 'Object Repository/ADMIN/Edit Text/Bespoke/Admin Pages/About Us/div_FontFormat_nicEdit-main nicEdit-selected'

2020-03-20 15:04:57 - [MESSAGE][PASSED] - Keys '*' sent to object: 'Object Repository/ADMIN/Edit Text/Bespoke/Admin Pages/About Us/div_FontFormat_nicEdit-main nicEdit-selected'

2020-03-20 15:04:57 - [TEST_STEP][PASSED] - click(findTestObject("ADMIN/Edit Text/Bespoke/Buyer Pages/Homepage/button_save"), CONTINUE_ON_FAILURE): Object: 'Object Repository/ADMIN/Edit Text/Bespoke/Buyer Pages/Homepage/button_save' is clicked on

2020-03-20 15:04:58 - [MESSAGE][PASSED] - Object: 'Object Repository/ADMIN/Edit Text/Bespoke/Buyer Pages/Homepage/button_save' is clicked on

2020-03-20 15:04:58 - [TEST_STEP][PASSED] - waitForElementVisible(findTestObject("ADMIN/Edit Text/Bespoke/Buyer Pages/Homepage/toaster_success About"), 0): Object 'Object Repository/ADMIN/Edit Text/Bespoke/Buyer Pages/Homepage/toaster_success About' is visible

2020-03-20 15:04:58 - [MESSAGE][WARNING] - Timeout '0' is invalid. Using default page load timeout: '30'

2020-03-20 15:04:58 - [MESSAGE][PASSED] - Object 'Object Repository/ADMIN/Edit Text/Bespoke/Buyer Pages/Homepage/toaster_success About' is visible]]></system-out>
         <system-err><![CDATA[]]></system-err>
      </testcase>
      <testcase name="Test Cases/ADMIN/Language/Edit Text/Bespoke/Admin Pages/About Us" time="3.36" classname="Test Cases/ADMIN/Language/Edit Text/Bespoke/Admin Pages/About Us" status="PASSED">
         <system-out><![CDATA[2020-03-20 15:04:58 - [TEST_CASE][PASSED] - Test Cases/ADMIN/Language/Edit Text/Bespoke/Admin Pages/About Us: Test Cases/ADMIN/Language/Edit Text/Bespoke/Admin Pages/About Us

2020-03-20 15:04:58 - [TEST_STEP][PASSED] - waitForElementVisible(findTestObject("ADMIN/Edit Text/Bespoke/Buyer Navigation/dd_language"), 0): Object 'Object Repository/ADMIN/Edit Text/Bespoke/Buyer Navigation/dd_language' is visible

2020-03-20 15:04:58 - [MESSAGE][WARNING] - Timeout '0' is invalid. Using default page load timeout: '30'

2020-03-20 15:04:59 - [MESSAGE][PASSED] - Object 'Object Repository/ADMIN/Edit Text/Bespoke/Buyer Navigation/dd_language' is visible

2020-03-20 15:04:59 - [TEST_STEP][PASSED] - selectOptionByLabel(findTestObject("ADMIN/Edit Text/Bespoke/Buyer Navigation/dd_language"), varLanguage, false): All options with label 'Hindi' are selected in object 'Object Repository/ADMIN/Edit Text/Bespoke/Buyer Navigation/dd_language' 

2020-03-20 15:05:00 - [MESSAGE][PASSED] - All options with label 'Hindi' are selected in object 'Object Repository/ADMIN/Edit Text/Bespoke/Buyer Navigation/dd_language' 

2020-03-20 15:05:00 - [TEST_STEP][PASSED] - sendKeys(findTestObject("ADMIN/Edit Text/Bespoke/Admin Pages/About Us/input_ABOUT_lbl_title"), "*"): Keys '*' sent to object: 'Object Repository/ADMIN/Edit Text/Bespoke/Admin Pages/About Us/input_ABOUT_lbl_title'

2020-03-20 15:05:01 - [MESSAGE][PASSED] - Keys '*' sent to object: 'Object Repository/ADMIN/Edit Text/Bespoke/Admin Pages/About Us/input_ABOUT_lbl_title'

2020-03-20 15:05:01 - [TEST_STEP][PASSED] - sendKeys(findTestObject("ADMIN/Edit Text/Bespoke/Admin Pages/About Us/div_FontFormat_nicEdit-main nicEdit-selected"), "*"): Keys '*' sent to object: 'Object Repository/ADMIN/Edit Text/Bespoke/Admin Pages/About Us/div_FontFormat_nicEdit-main nicEdit-selected'

2020-03-20 15:05:01 - [MESSAGE][PASSED] - Keys '*' sent to object: 'Object Repository/ADMIN/Edit Text/Bespoke/Admin Pages/About Us/div_FontFormat_nicEdit-main nicEdit-selected'

2020-03-20 15:05:01 - [TEST_STEP][PASSED] - click(findTestObject("ADMIN/Edit Text/Bespoke/Buyer Pages/Homepage/button_save"), CONTINUE_ON_FAILURE): Object: 'Object Repository/ADMIN/Edit Text/Bespoke/Buyer Pages/Homepage/button_save' is clicked on

2020-03-20 15:05:01 - [MESSAGE][PASSED] - Object: 'Object Repository/ADMIN/Edit Text/Bespoke/Buyer Pages/Homepage/button_save' is clicked on

2020-03-20 15:05:01 - [TEST_STEP][PASSED] - waitForElementVisible(findTestObject("ADMIN/Edit Text/Bespoke/Buyer Pages/Homepage/toaster_success About"), 0): Object 'Object Repository/ADMIN/Edit Text/Bespoke/Buyer Pages/Homepage/toaster_success About' is visible

2020-03-20 15:05:01 - [MESSAGE][WARNING] - Timeout '0' is invalid. Using default page load timeout: '30'

2020-03-20 15:05:01 - [MESSAGE][PASSED] - Object 'Object Repository/ADMIN/Edit Text/Bespoke/Buyer Pages/Homepage/toaster_success About' is visible]]></system-out>
         <system-err><![CDATA[]]></system-err>
      </testcase>
      <testcase name="Test Cases/ADMIN/Language/Edit Text/Bespoke/Admin Pages/About Us" time="2.456" classname="Test Cases/ADMIN/Language/Edit Text/Bespoke/Admin Pages/About Us" status="PASSED">
         <system-out><![CDATA[2020-03-20 15:05:01 - [TEST_CASE][PASSED] - Test Cases/ADMIN/Language/Edit Text/Bespoke/Admin Pages/About Us: Test Cases/ADMIN/Language/Edit Text/Bespoke/Admin Pages/About Us

2020-03-20 15:05:01 - [TEST_STEP][PASSED] - waitForElementVisible(findTestObject("ADMIN/Edit Text/Bespoke/Buyer Navigation/dd_language"), 0): Object 'Object Repository/ADMIN/Edit Text/Bespoke/Buyer Navigation/dd_language' is visible

2020-03-20 15:05:01 - [MESSAGE][WARNING] - Timeout '0' is invalid. Using default page load timeout: '30'

2020-03-20 15:05:01 - [MESSAGE][PASSED] - Object 'Object Repository/ADMIN/Edit Text/Bespoke/Buyer Navigation/dd_language' is visible

2020-03-20 15:05:01 - [TEST_STEP][PASSED] - selectOptionByLabel(findTestObject("ADMIN/Edit Text/Bespoke/Buyer Navigation/dd_language"), varLanguage, false): All options with label 'German' are selected in object 'Object Repository/ADMIN/Edit Text/Bespoke/Buyer Navigation/dd_language' 

2020-03-20 15:05:02 - [MESSAGE][PASSED] - All options with label 'German' are selected in object 'Object Repository/ADMIN/Edit Text/Bespoke/Buyer Navigation/dd_language' 

2020-03-20 15:05:02 - [TEST_STEP][PASSED] - sendKeys(findTestObject("ADMIN/Edit Text/Bespoke/Admin Pages/About Us/input_ABOUT_lbl_title"), "*"): Keys '*' sent to object: 'Object Repository/ADMIN/Edit Text/Bespoke/Admin Pages/About Us/input_ABOUT_lbl_title'

2020-03-20 15:05:03 - [MESSAGE][PASSED] - Keys '*' sent to object: 'Object Repository/ADMIN/Edit Text/Bespoke/Admin Pages/About Us/input_ABOUT_lbl_title'

2020-03-20 15:05:03 - [TEST_STEP][PASSED] - sendKeys(findTestObject("ADMIN/Edit Text/Bespoke/Admin Pages/About Us/div_FontFormat_nicEdit-main nicEdit-selected"), "*"): Keys '*' sent to object: 'Object Repository/ADMIN/Edit Text/Bespoke/Admin Pages/About Us/div_FontFormat_nicEdit-main nicEdit-selected'

2020-03-20 15:05:03 - [MESSAGE][PASSED] - Keys '*' sent to object: 'Object Repository/ADMIN/Edit Text/Bespoke/Admin Pages/About Us/div_FontFormat_nicEdit-main nicEdit-selected'

2020-03-20 15:05:03 - [TEST_STEP][PASSED] - click(findTestObject("ADMIN/Edit Text/Bespoke/Buyer Pages/Homepage/button_save"), CONTINUE_ON_FAILURE): Object: 'Object Repository/ADMIN/Edit Text/Bespoke/Buyer Pages/Homepage/button_save' is clicked on

2020-03-20 15:05:03 - [MESSAGE][PASSED] - Object: 'Object Repository/ADMIN/Edit Text/Bespoke/Buyer Pages/Homepage/button_save' is clicked on

2020-03-20 15:05:03 - [TEST_STEP][PASSED] - waitForElementVisible(findTestObject("ADMIN/Edit Text/Bespoke/Buyer Pages/Homepage/toaster_success About"), 0): Object 'Object Repository/ADMIN/Edit Text/Bespoke/Buyer Pages/Homepage/toaster_success About' is visible

2020-03-20 15:05:03 - [MESSAGE][WARNING] - Timeout '0' is invalid. Using default page load timeout: '30'

2020-03-20 15:05:04 - [MESSAGE][PASSED] - Object 'Object Repository/ADMIN/Edit Text/Bespoke/Buyer Pages/Homepage/toaster_success About' is visible]]></system-out>
         <system-err><![CDATA[]]></system-err>
      </testcase>
      <testcase name="Test Cases/ADMIN/Language/Edit Text/Bespoke/Admin Pages/About Us" time="3.319" classname="Test Cases/ADMIN/Language/Edit Text/Bespoke/Admin Pages/About Us" status="PASSED">
         <system-out><![CDATA[2020-03-20 15:05:04 - [TEST_CASE][PASSED] - Test Cases/ADMIN/Language/Edit Text/Bespoke/Admin Pages/About Us: Test Cases/ADMIN/Language/Edit Text/Bespoke/Admin Pages/About Us

2020-03-20 15:05:04 - [TEST_STEP][PASSED] - waitForElementVisible(findTestObject("ADMIN/Edit Text/Bespoke/Buyer Navigation/dd_language"), 0): Object 'Object Repository/ADMIN/Edit Text/Bespoke/Buyer Navigation/dd_language' is visible

2020-03-20 15:05:04 - [MESSAGE][WARNING] - Timeout '0' is invalid. Using default page load timeout: '30'

2020-03-20 15:05:04 - [MESSAGE][PASSED] - Object 'Object Repository/ADMIN/Edit Text/Bespoke/Buyer Navigation/dd_language' is visible

2020-03-20 15:05:04 - [TEST_STEP][PASSED] - selectOptionByLabel(findTestObject("ADMIN/Edit Text/Bespoke/Buyer Navigation/dd_language"), varLanguage, false): All options with label 'Japanese' are selected in object 'Object Repository/ADMIN/Edit Text/Bespoke/Buyer Navigation/dd_language' 

2020-03-20 15:05:05 - [MESSAGE][PASSED] - All options with label 'Japanese' are selected in object 'Object Repository/ADMIN/Edit Text/Bespoke/Buyer Navigation/dd_language' 

2020-03-20 15:05:05 - [TEST_STEP][PASSED] - sendKeys(findTestObject("ADMIN/Edit Text/Bespoke/Admin Pages/About Us/input_ABOUT_lbl_title"), "*"): Keys '*' sent to object: 'Object Repository/ADMIN/Edit Text/Bespoke/Admin Pages/About Us/input_ABOUT_lbl_title'

2020-03-20 15:05:05 - [MESSAGE][PASSED] - Keys '*' sent to object: 'Object Repository/ADMIN/Edit Text/Bespoke/Admin Pages/About Us/input_ABOUT_lbl_title'

2020-03-20 15:05:05 - [TEST_STEP][PASSED] - sendKeys(findTestObject("ADMIN/Edit Text/Bespoke/Admin Pages/About Us/div_FontFormat_nicEdit-main nicEdit-selected"), "*"): Keys '*' sent to object: 'Object Repository/ADMIN/Edit Text/Bespoke/Admin Pages/About Us/div_FontFormat_nicEdit-main nicEdit-selected'

2020-03-20 15:05:06 - [MESSAGE][PASSED] - Keys '*' sent to object: 'Object Repository/ADMIN/Edit Text/Bespoke/Admin Pages/About Us/div_FontFormat_nicEdit-main nicEdit-selected'

2020-03-20 15:05:06 - [TEST_STEP][PASSED] - click(findTestObject("ADMIN/Edit Text/Bespoke/Buyer Pages/Homepage/button_save"), CONTINUE_ON_FAILURE): Object: 'Object Repository/ADMIN/Edit Text/Bespoke/Buyer Pages/Homepage/button_save' is clicked on

2020-03-20 15:05:06 - [MESSAGE][PASSED] - Object: 'Object Repository/ADMIN/Edit Text/Bespoke/Buyer Pages/Homepage/button_save' is clicked on

2020-03-20 15:05:06 - [TEST_STEP][PASSED] - waitForElementVisible(findTestObject("ADMIN/Edit Text/Bespoke/Buyer Pages/Homepage/toaster_success About"), 0): Object 'Object Repository/ADMIN/Edit Text/Bespoke/Buyer Pages/Homepage/toaster_success About' is visible

2020-03-20 15:05:06 - [MESSAGE][WARNING] - Timeout '0' is invalid. Using default page load timeout: '30'

2020-03-20 15:05:07 - [MESSAGE][PASSED] - Object 'Object Repository/ADMIN/Edit Text/Bespoke/Buyer Pages/Homepage/toaster_success About' is visible]]></system-out>
         <system-err><![CDATA[]]></system-err>
      </testcase>
      <testcase name="Test Cases/ADMIN/Language/Edit Text/Bespoke/Admin Pages/About Us" time="3.06" classname="Test Cases/ADMIN/Language/Edit Text/Bespoke/Admin Pages/About Us" status="PASSED">
         <system-out><![CDATA[2020-03-20 15:05:07 - [TEST_CASE][PASSED] - Test Cases/ADMIN/Language/Edit Text/Bespoke/Admin Pages/About Us: Test Cases/ADMIN/Language/Edit Text/Bespoke/Admin Pages/About Us

2020-03-20 15:05:07 - [TEST_STEP][PASSED] - waitForElementVisible(findTestObject("ADMIN/Edit Text/Bespoke/Buyer Navigation/dd_language"), 0): Object 'Object Repository/ADMIN/Edit Text/Bespoke/Buyer Navigation/dd_language' is visible

2020-03-20 15:05:07 - [MESSAGE][WARNING] - Timeout '0' is invalid. Using default page load timeout: '30'

2020-03-20 15:05:07 - [MESSAGE][PASSED] - Object 'Object Repository/ADMIN/Edit Text/Bespoke/Buyer Navigation/dd_language' is visible

2020-03-20 15:05:07 - [TEST_STEP][PASSED] - selectOptionByLabel(findTestObject("ADMIN/Edit Text/Bespoke/Buyer Navigation/dd_language"), varLanguage, false): All options with label 'Chinese (Traditional)' are selected in object 'Object Repository/ADMIN/Edit Text/Bespoke/Buyer Navigation/dd_language' 

2020-03-20 15:05:08 - [MESSAGE][PASSED] - All options with label 'Chinese (Traditional)' are selected in object 'Object Repository/ADMIN/Edit Text/Bespoke/Buyer Navigation/dd_language' 

2020-03-20 15:05:08 - [TEST_STEP][PASSED] - sendKeys(findTestObject("ADMIN/Edit Text/Bespoke/Admin Pages/About Us/input_ABOUT_lbl_title"), "*"): Keys '*' sent to object: 'Object Repository/ADMIN/Edit Text/Bespoke/Admin Pages/About Us/input_ABOUT_lbl_title'

2020-03-20 15:05:09 - [MESSAGE][PASSED] - Keys '*' sent to object: 'Object Repository/ADMIN/Edit Text/Bespoke/Admin Pages/About Us/input_ABOUT_lbl_title'

2020-03-20 15:05:09 - [TEST_STEP][PASSED] - sendKeys(findTestObject("ADMIN/Edit Text/Bespoke/Admin Pages/About Us/div_FontFormat_nicEdit-main nicEdit-selected"), "*"): Keys '*' sent to object: 'Object Repository/ADMIN/Edit Text/Bespoke/Admin Pages/About Us/div_FontFormat_nicEdit-main nicEdit-selected'

2020-03-20 15:05:09 - [MESSAGE][PASSED] - Keys '*' sent to object: 'Object Repository/ADMIN/Edit Text/Bespoke/Admin Pages/About Us/div_FontFormat_nicEdit-main nicEdit-selected'

2020-03-20 15:05:09 - [TEST_STEP][PASSED] - click(findTestObject("ADMIN/Edit Text/Bespoke/Buyer Pages/Homepage/button_save"), CONTINUE_ON_FAILURE): Object: 'Object Repository/ADMIN/Edit Text/Bespoke/Buyer Pages/Homepage/button_save' is clicked on

2020-03-20 15:05:09 - [MESSAGE][PASSED] - Object: 'Object Repository/ADMIN/Edit Text/Bespoke/Buyer Pages/Homepage/button_save' is clicked on

2020-03-20 15:05:09 - [TEST_STEP][PASSED] - waitForElementVisible(findTestObject("ADMIN/Edit Text/Bespoke/Buyer Pages/Homepage/toaster_success About"), 0): Object 'Object Repository/ADMIN/Edit Text/Bespoke/Buyer Pages/Homepage/toaster_success About' is visible

2020-03-20 15:05:09 - [MESSAGE][WARNING] - Timeout '0' is invalid. Using default page load timeout: '30'

2020-03-20 15:05:10 - [MESSAGE][PASSED] - Object 'Object Repository/ADMIN/Edit Text/Bespoke/Buyer Pages/Homepage/toaster_success About' is visible]]></system-out>
         <system-err><![CDATA[]]></system-err>
      </testcase>
      <testcase name="Test Cases/ADMIN/Language/Edit Text/Bespoke/Admin Pages/About Us" time="2.606" classname="Test Cases/ADMIN/Language/Edit Text/Bespoke/Admin Pages/About Us" status="PASSED">
         <system-out><![CDATA[2020-03-20 15:05:10 - [TEST_CASE][PASSED] - Test Cases/ADMIN/Language/Edit Text/Bespoke/Admin Pages/About Us: Test Cases/ADMIN/Language/Edit Text/Bespoke/Admin Pages/About Us

2020-03-20 15:05:10 - [TEST_STEP][PASSED] - waitForElementVisible(findTestObject("ADMIN/Edit Text/Bespoke/Buyer Navigation/dd_language"), 0): Object 'Object Repository/ADMIN/Edit Text/Bespoke/Buyer Navigation/dd_language' is visible

2020-03-20 15:05:10 - [MESSAGE][WARNING] - Timeout '0' is invalid. Using default page load timeout: '30'

2020-03-20 15:05:10 - [MESSAGE][PASSED] - Object 'Object Repository/ADMIN/Edit Text/Bespoke/Buyer Navigation/dd_language' is visible

2020-03-20 15:05:10 - [TEST_STEP][PASSED] - selectOptionByLabel(findTestObject("ADMIN/Edit Text/Bespoke/Buyer Navigation/dd_language"), varLanguage, false): All options with label 'Portuguese' are selected in object 'Object Repository/ADMIN/Edit Text/Bespoke/Buyer Navigation/dd_language' 

2020-03-20 15:05:11 - [MESSAGE][PASSED] - All options with label 'Portuguese' are selected in object 'Object Repository/ADMIN/Edit Text/Bespoke/Buyer Navigation/dd_language' 

2020-03-20 15:05:12 - [TEST_STEP][PASSED] - sendKeys(findTestObject("ADMIN/Edit Text/Bespoke/Admin Pages/About Us/input_ABOUT_lbl_title"), "*"): Keys '*' sent to object: 'Object Repository/ADMIN/Edit Text/Bespoke/Admin Pages/About Us/input_ABOUT_lbl_title'

2020-03-20 15:05:12 - [MESSAGE][PASSED] - Keys '*' sent to object: 'Object Repository/ADMIN/Edit Text/Bespoke/Admin Pages/About Us/input_ABOUT_lbl_title'

2020-03-20 15:05:12 - [TEST_STEP][PASSED] - sendKeys(findTestObject("ADMIN/Edit Text/Bespoke/Admin Pages/About Us/div_FontFormat_nicEdit-main nicEdit-selected"), "*"): Keys '*' sent to object: 'Object Repository/ADMIN/Edit Text/Bespoke/Admin Pages/About Us/div_FontFormat_nicEdit-main nicEdit-selected'

2020-03-20 15:05:12 - [MESSAGE][PASSED] - Keys '*' sent to object: 'Object Repository/ADMIN/Edit Text/Bespoke/Admin Pages/About Us/div_FontFormat_nicEdit-main nicEdit-selected'

2020-03-20 15:05:12 - [TEST_STEP][PASSED] - click(findTestObject("ADMIN/Edit Text/Bespoke/Buyer Pages/Homepage/button_save"), CONTINUE_ON_FAILURE): Object: 'Object Repository/ADMIN/Edit Text/Bespoke/Buyer Pages/Homepage/button_save' is clicked on

2020-03-20 15:05:13 - [MESSAGE][PASSED] - Object: 'Object Repository/ADMIN/Edit Text/Bespoke/Buyer Pages/Homepage/button_save' is clicked on

2020-03-20 15:05:13 - [TEST_STEP][PASSED] - waitForElementVisible(findTestObject("ADMIN/Edit Text/Bespoke/Buyer Pages/Homepage/toaster_success About"), 0): Object 'Object Repository/ADMIN/Edit Text/Bespoke/Buyer Pages/Homepage/toaster_success About' is visible

2020-03-20 15:05:13 - [MESSAGE][WARNING] - Timeout '0' is invalid. Using default page load timeout: '30'

2020-03-20 15:05:13 - [MESSAGE][PASSED] - Object 'Object Repository/ADMIN/Edit Text/Bespoke/Buyer Pages/Homepage/toaster_success About' is visible]]></system-out>
         <system-err><![CDATA[]]></system-err>
      </testcase>
      <testcase name="Test Cases/ADMIN/Language/Edit Text/Bespoke/Admin Pages/About Us" time="3.087" classname="Test Cases/ADMIN/Language/Edit Text/Bespoke/Admin Pages/About Us" status="PASSED">
         <system-out><![CDATA[2020-03-20 15:05:13 - [TEST_CASE][PASSED] - Test Cases/ADMIN/Language/Edit Text/Bespoke/Admin Pages/About Us: Test Cases/ADMIN/Language/Edit Text/Bespoke/Admin Pages/About Us

2020-03-20 15:05:13 - [TEST_STEP][PASSED] - waitForElementVisible(findTestObject("ADMIN/Edit Text/Bespoke/Buyer Navigation/dd_language"), 0): Object 'Object Repository/ADMIN/Edit Text/Bespoke/Buyer Navigation/dd_language' is visible

2020-03-20 15:05:13 - [MESSAGE][WARNING] - Timeout '0' is invalid. Using default page load timeout: '30'

2020-03-20 15:05:13 - [MESSAGE][PASSED] - Object 'Object Repository/ADMIN/Edit Text/Bespoke/Buyer Navigation/dd_language' is visible

2020-03-20 15:05:13 - [TEST_STEP][PASSED] - selectOptionByLabel(findTestObject("ADMIN/Edit Text/Bespoke/Buyer Navigation/dd_language"), varLanguage, false): All options with label 'Indonesian' are selected in object 'Object Repository/ADMIN/Edit Text/Bespoke/Buyer Navigation/dd_language' 

2020-03-20 15:05:15 - [MESSAGE][PASSED] - All options with label 'Indonesian' are selected in object 'Object Repository/ADMIN/Edit Text/Bespoke/Buyer Navigation/dd_language' 

2020-03-20 15:05:15 - [TEST_STEP][PASSED] - sendKeys(findTestObject("ADMIN/Edit Text/Bespoke/Admin Pages/About Us/input_ABOUT_lbl_title"), "*"): Keys '*' sent to object: 'Object Repository/ADMIN/Edit Text/Bespoke/Admin Pages/About Us/input_ABOUT_lbl_title'

2020-03-20 15:05:15 - [MESSAGE][PASSED] - Keys '*' sent to object: 'Object Repository/ADMIN/Edit Text/Bespoke/Admin Pages/About Us/input_ABOUT_lbl_title'

2020-03-20 15:05:15 - [TEST_STEP][PASSED] - sendKeys(findTestObject("ADMIN/Edit Text/Bespoke/Admin Pages/About Us/div_FontFormat_nicEdit-main nicEdit-selected"), "*"): Keys '*' sent to object: 'Object Repository/ADMIN/Edit Text/Bespoke/Admin Pages/About Us/div_FontFormat_nicEdit-main nicEdit-selected'

2020-03-20 15:05:15 - [MESSAGE][PASSED] - Keys '*' sent to object: 'Object Repository/ADMIN/Edit Text/Bespoke/Admin Pages/About Us/div_FontFormat_nicEdit-main nicEdit-selected'

2020-03-20 15:05:15 - [TEST_STEP][PASSED] - click(findTestObject("ADMIN/Edit Text/Bespoke/Buyer Pages/Homepage/button_save"), CONTINUE_ON_FAILURE): Object: 'Object Repository/ADMIN/Edit Text/Bespoke/Buyer Pages/Homepage/button_save' is clicked on

2020-03-20 15:05:16 - [MESSAGE][PASSED] - Object: 'Object Repository/ADMIN/Edit Text/Bespoke/Buyer Pages/Homepage/button_save' is clicked on

2020-03-20 15:05:16 - [TEST_STEP][PASSED] - waitForElementVisible(findTestObject("ADMIN/Edit Text/Bespoke/Buyer Pages/Homepage/toaster_success About"), 0): Object 'Object Repository/ADMIN/Edit Text/Bespoke/Buyer Pages/Homepage/toaster_success About' is visible

2020-03-20 15:05:16 - [MESSAGE][WARNING] - Timeout '0' is invalid. Using default page load timeout: '30'

2020-03-20 15:05:16 - [MESSAGE][PASSED] - Object 'Object Repository/ADMIN/Edit Text/Bespoke/Buyer Pages/Homepage/toaster_success About' is visible]]></system-out>
         <system-err><![CDATA[]]></system-err>
      </testcase>
      <testcase name="Test Cases/ADMIN/Language/Edit Text/Bespoke/Admin Pages/About Us" time="2.459" classname="Test Cases/ADMIN/Language/Edit Text/Bespoke/Admin Pages/About Us" status="PASSED">
         <system-out><![CDATA[2020-03-20 15:05:16 - [TEST_CASE][PASSED] - Test Cases/ADMIN/Language/Edit Text/Bespoke/Admin Pages/About Us: Test Cases/ADMIN/Language/Edit Text/Bespoke/Admin Pages/About Us

2020-03-20 15:05:16 - [TEST_STEP][PASSED] - waitForElementVisible(findTestObject("ADMIN/Edit Text/Bespoke/Buyer Navigation/dd_language"), 0): Object 'Object Repository/ADMIN/Edit Text/Bespoke/Buyer Navigation/dd_language' is visible

2020-03-20 15:05:16 - [MESSAGE][WARNING] - Timeout '0' is invalid. Using default page load timeout: '30'

2020-03-20 15:05:16 - [MESSAGE][PASSED] - Object 'Object Repository/ADMIN/Edit Text/Bespoke/Buyer Navigation/dd_language' is visible

2020-03-20 15:05:16 - [TEST_STEP][PASSED] - selectOptionByLabel(findTestObject("ADMIN/Edit Text/Bespoke/Buyer Navigation/dd_language"), varLanguage, false): All options with label 'Russian' are selected in object 'Object Repository/ADMIN/Edit Text/Bespoke/Buyer Navigation/dd_language' 

2020-03-20 15:05:17 - [MESSAGE][PASSED] - All options with label 'Russian' are selected in object 'Object Repository/ADMIN/Edit Text/Bespoke/Buyer Navigation/dd_language' 

2020-03-20 15:05:17 - [TEST_STEP][PASSED] - sendKeys(findTestObject("ADMIN/Edit Text/Bespoke/Admin Pages/About Us/input_ABOUT_lbl_title"), "*"): Keys '*' sent to object: 'Object Repository/ADMIN/Edit Text/Bespoke/Admin Pages/About Us/input_ABOUT_lbl_title'

2020-03-20 15:05:17 - [MESSAGE][PASSED] - Keys '*' sent to object: 'Object Repository/ADMIN/Edit Text/Bespoke/Admin Pages/About Us/input_ABOUT_lbl_title'

2020-03-20 15:05:17 - [TEST_STEP][PASSED] - sendKeys(findTestObject("ADMIN/Edit Text/Bespoke/Admin Pages/About Us/div_FontFormat_nicEdit-main nicEdit-selected"), "*"): Keys '*' sent to object: 'Object Repository/ADMIN/Edit Text/Bespoke/Admin Pages/About Us/div_FontFormat_nicEdit-main nicEdit-selected'

2020-03-20 15:05:18 - [MESSAGE][PASSED] - Keys '*' sent to object: 'Object Repository/ADMIN/Edit Text/Bespoke/Admin Pages/About Us/div_FontFormat_nicEdit-main nicEdit-selected'

2020-03-20 15:05:18 - [TEST_STEP][PASSED] - click(findTestObject("ADMIN/Edit Text/Bespoke/Buyer Pages/Homepage/button_save"), CONTINUE_ON_FAILURE): Object: 'Object Repository/ADMIN/Edit Text/Bespoke/Buyer Pages/Homepage/button_save' is clicked on

2020-03-20 15:05:18 - [MESSAGE][PASSED] - Object: 'Object Repository/ADMIN/Edit Text/Bespoke/Buyer Pages/Homepage/button_save' is clicked on

2020-03-20 15:05:18 - [TEST_STEP][PASSED] - waitForElementVisible(findTestObject("ADMIN/Edit Text/Bespoke/Buyer Pages/Homepage/toaster_success About"), 0): Object 'Object Repository/ADMIN/Edit Text/Bespoke/Buyer Pages/Homepage/toaster_success About' is visible

2020-03-20 15:05:18 - [MESSAGE][WARNING] - Timeout '0' is invalid. Using default page load timeout: '30'

2020-03-20 15:05:18 - [MESSAGE][PASSED] - Object 'Object Repository/ADMIN/Edit Text/Bespoke/Buyer Pages/Homepage/toaster_success About' is visible]]></system-out>
         <system-err><![CDATA[]]></system-err>
      </testcase>
      <testcase name="Test Cases/ADMIN/Language/Edit Text/Bespoke/Admin Pages/About Us" time="2.607" classname="Test Cases/ADMIN/Language/Edit Text/Bespoke/Admin Pages/About Us" status="PASSED">
         <system-out><![CDATA[2020-03-20 15:05:18 - [TEST_CASE][PASSED] - Test Cases/ADMIN/Language/Edit Text/Bespoke/Admin Pages/About Us: Test Cases/ADMIN/Language/Edit Text/Bespoke/Admin Pages/About Us

2020-03-20 15:05:18 - [TEST_STEP][PASSED] - waitForElementVisible(findTestObject("ADMIN/Edit Text/Bespoke/Buyer Navigation/dd_language"), 0): Object 'Object Repository/ADMIN/Edit Text/Bespoke/Buyer Navigation/dd_language' is visible

2020-03-20 15:05:18 - [MESSAGE][WARNING] - Timeout '0' is invalid. Using default page load timeout: '30'

2020-03-20 15:05:19 - [MESSAGE][PASSED] - Object 'Object Repository/ADMIN/Edit Text/Bespoke/Buyer Navigation/dd_language' is visible

2020-03-20 15:05:19 - [TEST_STEP][PASSED] - selectOptionByLabel(findTestObject("ADMIN/Edit Text/Bespoke/Buyer Navigation/dd_language"), varLanguage, false): All options with label 'Italian' are selected in object 'Object Repository/ADMIN/Edit Text/Bespoke/Buyer Navigation/dd_language' 

2020-03-20 15:05:20 - [MESSAGE][PASSED] - All options with label 'Italian' are selected in object 'Object Repository/ADMIN/Edit Text/Bespoke/Buyer Navigation/dd_language' 

2020-03-20 15:05:20 - [TEST_STEP][PASSED] - sendKeys(findTestObject("ADMIN/Edit Text/Bespoke/Admin Pages/About Us/input_ABOUT_lbl_title"), "*"): Keys '*' sent to object: 'Object Repository/ADMIN/Edit Text/Bespoke/Admin Pages/About Us/input_ABOUT_lbl_title'

2020-03-20 15:05:20 - [MESSAGE][PASSED] - Keys '*' sent to object: 'Object Repository/ADMIN/Edit Text/Bespoke/Admin Pages/About Us/input_ABOUT_lbl_title'

2020-03-20 15:05:20 - [TEST_STEP][PASSED] - sendKeys(findTestObject("ADMIN/Edit Text/Bespoke/Admin Pages/About Us/div_FontFormat_nicEdit-main nicEdit-selected"), "*"): Keys '*' sent to object: 'Object Repository/ADMIN/Edit Text/Bespoke/Admin Pages/About Us/div_FontFormat_nicEdit-main nicEdit-selected'

2020-03-20 15:05:20 - [MESSAGE][PASSED] - Keys '*' sent to object: 'Object Repository/ADMIN/Edit Text/Bespoke/Admin Pages/About Us/div_FontFormat_nicEdit-main nicEdit-selected'

2020-03-20 15:05:20 - [TEST_STEP][PASSED] - click(findTestObject("ADMIN/Edit Text/Bespoke/Buyer Pages/Homepage/button_save"), CONTINUE_ON_FAILURE): Object: 'Object Repository/ADMIN/Edit Text/Bespoke/Buyer Pages/Homepage/button_save' is clicked on

2020-03-20 15:05:21 - [MESSAGE][PASSED] - Object: 'Object Repository/ADMIN/Edit Text/Bespoke/Buyer Pages/Homepage/button_save' is clicked on

2020-03-20 15:05:21 - [TEST_STEP][PASSED] - waitForElementVisible(findTestObject("ADMIN/Edit Text/Bespoke/Buyer Pages/Homepage/toaster_success About"), 0): Object 'Object Repository/ADMIN/Edit Text/Bespoke/Buyer Pages/Homepage/toaster_success About' is visible

2020-03-20 15:05:21 - [MESSAGE][WARNING] - Timeout '0' is invalid. Using default page load timeout: '30'

2020-03-20 15:05:21 - [MESSAGE][PASSED] - Object 'Object Repository/ADMIN/Edit Text/Bespoke/Buyer Pages/Homepage/toaster_success About' is visible]]></system-out>
         <system-err><![CDATA[]]></system-err>
      </testcase>
      <testcase name="Test Cases/ADMIN/Language/Edit Text/Bespoke/Admin Pages/About Us" time="2.493" classname="Test Cases/ADMIN/Language/Edit Text/Bespoke/Admin Pages/About Us" status="PASSED">
         <system-out><![CDATA[2020-03-20 15:05:21 - [TEST_CASE][PASSED] - Test Cases/ADMIN/Language/Edit Text/Bespoke/Admin Pages/About Us: Test Cases/ADMIN/Language/Edit Text/Bespoke/Admin Pages/About Us

2020-03-20 15:05:21 - [TEST_STEP][PASSED] - waitForElementVisible(findTestObject("ADMIN/Edit Text/Bespoke/Buyer Navigation/dd_language"), 0): Object 'Object Repository/ADMIN/Edit Text/Bespoke/Buyer Navigation/dd_language' is visible

2020-03-20 15:05:21 - [MESSAGE][WARNING] - Timeout '0' is invalid. Using default page load timeout: '30'

2020-03-20 15:05:21 - [MESSAGE][PASSED] - Object 'Object Repository/ADMIN/Edit Text/Bespoke/Buyer Navigation/dd_language' is visible

2020-03-20 15:05:21 - [TEST_STEP][PASSED] - selectOptionByLabel(findTestObject("ADMIN/Edit Text/Bespoke/Buyer Navigation/dd_language"), varLanguage, false): All options with label 'Arabic' are selected in object 'Object Repository/ADMIN/Edit Text/Bespoke/Buyer Navigation/dd_language' 

2020-03-20 15:05:22 - [MESSAGE][PASSED] - All options with label 'Arabic' are selected in object 'Object Repository/ADMIN/Edit Text/Bespoke/Buyer Navigation/dd_language' 

2020-03-20 15:05:22 - [TEST_STEP][PASSED] - sendKeys(findTestObject("ADMIN/Edit Text/Bespoke/Admin Pages/About Us/input_ABOUT_lbl_title"), "*"): Keys '*' sent to object: 'Object Repository/ADMIN/Edit Text/Bespoke/Admin Pages/About Us/input_ABOUT_lbl_title'

2020-03-20 15:05:23 - [MESSAGE][PASSED] - Keys '*' sent to object: 'Object Repository/ADMIN/Edit Text/Bespoke/Admin Pages/About Us/input_ABOUT_lbl_title'

2020-03-20 15:05:23 - [TEST_STEP][PASSED] - sendKeys(findTestObject("ADMIN/Edit Text/Bespoke/Admin Pages/About Us/div_FontFormat_nicEdit-main nicEdit-selected"), "*"): Keys '*' sent to object: 'Object Repository/ADMIN/Edit Text/Bespoke/Admin Pages/About Us/div_FontFormat_nicEdit-main nicEdit-selected'

2020-03-20 15:05:23 - [MESSAGE][PASSED] - Keys '*' sent to object: 'Object Repository/ADMIN/Edit Text/Bespoke/Admin Pages/About Us/div_FontFormat_nicEdit-main nicEdit-selected'

2020-03-20 15:05:23 - [TEST_STEP][PASSED] - click(findTestObject("ADMIN/Edit Text/Bespoke/Buyer Pages/Homepage/button_save"), CONTINUE_ON_FAILURE): Object: 'Object Repository/ADMIN/Edit Text/Bespoke/Buyer Pages/Homepage/button_save' is clicked on

2020-03-20 15:05:23 - [MESSAGE][PASSED] - Object: 'Object Repository/ADMIN/Edit Text/Bespoke/Buyer Pages/Homepage/button_save' is clicked on

2020-03-20 15:05:23 - [TEST_STEP][PASSED] - waitForElementVisible(findTestObject("ADMIN/Edit Text/Bespoke/Buyer Pages/Homepage/toaster_success About"), 0): Object 'Object Repository/ADMIN/Edit Text/Bespoke/Buyer Pages/Homepage/toaster_success About' is visible

2020-03-20 15:05:23 - [MESSAGE][WARNING] - Timeout '0' is invalid. Using default page load timeout: '30'

2020-03-20 15:05:23 - [MESSAGE][PASSED] - Object 'Object Repository/ADMIN/Edit Text/Bespoke/Buyer Pages/Homepage/toaster_success About' is visible]]></system-out>
         <system-err><![CDATA[]]></system-err>
      </testcase>
      <testcase name="Test Cases/ADMIN/Language/Edit Text/Bespoke/Admin Pages/About Us" time="2.754" classname="Test Cases/ADMIN/Language/Edit Text/Bespoke/Admin Pages/About Us" status="PASSED">
         <system-out><![CDATA[2020-03-20 15:05:23 - [TEST_CASE][PASSED] - Test Cases/ADMIN/Language/Edit Text/Bespoke/Admin Pages/About Us: Test Cases/ADMIN/Language/Edit Text/Bespoke/Admin Pages/About Us

2020-03-20 15:05:23 - [TEST_STEP][PASSED] - waitForElementVisible(findTestObject("ADMIN/Edit Text/Bespoke/Buyer Navigation/dd_language"), 0): Object 'Object Repository/ADMIN/Edit Text/Bespoke/Buyer Navigation/dd_language' is visible

2020-03-20 15:05:24 - [MESSAGE][WARNING] - Timeout '0' is invalid. Using default page load timeout: '30'

2020-03-20 15:05:24 - [MESSAGE][PASSED] - Object 'Object Repository/ADMIN/Edit Text/Bespoke/Buyer Navigation/dd_language' is visible

2020-03-20 15:05:24 - [TEST_STEP][PASSED] - selectOptionByLabel(findTestObject("ADMIN/Edit Text/Bespoke/Buyer Navigation/dd_language"), varLanguage, false): All options with label 'Dutch' are selected in object 'Object Repository/ADMIN/Edit Text/Bespoke/Buyer Navigation/dd_language' 

2020-03-20 15:05:25 - [MESSAGE][PASSED] - All options with label 'Dutch' are selected in object 'Object Repository/ADMIN/Edit Text/Bespoke/Buyer Navigation/dd_language' 

2020-03-20 15:05:25 - [TEST_STEP][PASSED] - sendKeys(findTestObject("ADMIN/Edit Text/Bespoke/Admin Pages/About Us/input_ABOUT_lbl_title"), "*"): Keys '*' sent to object: 'Object Repository/ADMIN/Edit Text/Bespoke/Admin Pages/About Us/input_ABOUT_lbl_title'

2020-03-20 15:05:25 - [MESSAGE][PASSED] - Keys '*' sent to object: 'Object Repository/ADMIN/Edit Text/Bespoke/Admin Pages/About Us/input_ABOUT_lbl_title'

2020-03-20 15:05:25 - [TEST_STEP][PASSED] - sendKeys(findTestObject("ADMIN/Edit Text/Bespoke/Admin Pages/About Us/div_FontFormat_nicEdit-main nicEdit-selected"), "*"): Keys '*' sent to object: 'Object Repository/ADMIN/Edit Text/Bespoke/Admin Pages/About Us/div_FontFormat_nicEdit-main nicEdit-selected'

2020-03-20 15:05:25 - [MESSAGE][PASSED] - Keys '*' sent to object: 'Object Repository/ADMIN/Edit Text/Bespoke/Admin Pages/About Us/div_FontFormat_nicEdit-main nicEdit-selected'

2020-03-20 15:05:25 - [TEST_STEP][PASSED] - click(findTestObject("ADMIN/Edit Text/Bespoke/Buyer Pages/Homepage/button_save"), CONTINUE_ON_FAILURE): Object: 'Object Repository/ADMIN/Edit Text/Bespoke/Buyer Pages/Homepage/button_save' is clicked on

2020-03-20 15:05:26 - [MESSAGE][PASSED] - Object: 'Object Repository/ADMIN/Edit Text/Bespoke/Buyer Pages/Homepage/button_save' is clicked on

2020-03-20 15:05:26 - [TEST_STEP][PASSED] - waitForElementVisible(findTestObject("ADMIN/Edit Text/Bespoke/Buyer Pages/Homepage/toaster_success About"), 0): Object 'Object Repository/ADMIN/Edit Text/Bespoke/Buyer Pages/Homepage/toaster_success About' is visible

2020-03-20 15:05:26 - [MESSAGE][WARNING] - Timeout '0' is invalid. Using default page load timeout: '30'

2020-03-20 15:05:26 - [MESSAGE][PASSED] - Object 'Object Repository/ADMIN/Edit Text/Bespoke/Buyer Pages/Homepage/toaster_success About' is visible]]></system-out>
         <system-err><![CDATA[]]></system-err>
      </testcase>
      <testcase name="Test Cases/ADMIN/Language/Edit Text/Bespoke/Admin Pages/About Us" time="2.734" classname="Test Cases/ADMIN/Language/Edit Text/Bespoke/Admin Pages/About Us" status="PASSED">
         <system-out><![CDATA[2020-03-20 15:05:26 - [TEST_CASE][PASSED] - Test Cases/ADMIN/Language/Edit Text/Bespoke/Admin Pages/About Us: Test Cases/ADMIN/Language/Edit Text/Bespoke/Admin Pages/About Us

2020-03-20 15:05:26 - [TEST_STEP][PASSED] - waitForElementVisible(findTestObject("ADMIN/Edit Text/Bespoke/Buyer Navigation/dd_language"), 0): Object 'Object Repository/ADMIN/Edit Text/Bespoke/Buyer Navigation/dd_language' is visible

2020-03-20 15:05:26 - [MESSAGE][WARNING] - Timeout '0' is invalid. Using default page load timeout: '30'

2020-03-20 15:05:26 - [MESSAGE][PASSED] - Object 'Object Repository/ADMIN/Edit Text/Bespoke/Buyer Navigation/dd_language' is visible

2020-03-20 15:05:26 - [TEST_STEP][PASSED] - selectOptionByLabel(findTestObject("ADMIN/Edit Text/Bespoke/Buyer Navigation/dd_language"), varLanguage, false): All options with label 'Swedish' are selected in object 'Object Repository/ADMIN/Edit Text/Bespoke/Buyer Navigation/dd_language' 

2020-03-20 15:05:27 - [MESSAGE][PASSED] - All options with label 'Swedish' are selected in object 'Object Repository/ADMIN/Edit Text/Bespoke/Buyer Navigation/dd_language' 

2020-03-20 15:05:27 - [TEST_STEP][PASSED] - sendKeys(findTestObject("ADMIN/Edit Text/Bespoke/Admin Pages/About Us/input_ABOUT_lbl_title"), "*"): Keys '*' sent to object: 'Object Repository/ADMIN/Edit Text/Bespoke/Admin Pages/About Us/input_ABOUT_lbl_title'

2020-03-20 15:05:28 - [MESSAGE][PASSED] - Keys '*' sent to object: 'Object Repository/ADMIN/Edit Text/Bespoke/Admin Pages/About Us/input_ABOUT_lbl_title'

2020-03-20 15:05:28 - [TEST_STEP][PASSED] - sendKeys(findTestObject("ADMIN/Edit Text/Bespoke/Admin Pages/About Us/div_FontFormat_nicEdit-main nicEdit-selected"), "*"): Keys '*' sent to object: 'Object Repository/ADMIN/Edit Text/Bespoke/Admin Pages/About Us/div_FontFormat_nicEdit-main nicEdit-selected'

2020-03-20 15:05:29 - [MESSAGE][PASSED] - Keys '*' sent to object: 'Object Repository/ADMIN/Edit Text/Bespoke/Admin Pages/About Us/div_FontFormat_nicEdit-main nicEdit-selected'

2020-03-20 15:05:29 - [TEST_STEP][PASSED] - click(findTestObject("ADMIN/Edit Text/Bespoke/Buyer Pages/Homepage/button_save"), CONTINUE_ON_FAILURE): Object: 'Object Repository/ADMIN/Edit Text/Bespoke/Buyer Pages/Homepage/button_save' is clicked on

2020-03-20 15:05:29 - [MESSAGE][PASSED] - Object: 'Object Repository/ADMIN/Edit Text/Bespoke/Buyer Pages/Homepage/button_save' is clicked on

2020-03-20 15:05:29 - [TEST_STEP][PASSED] - waitForElementVisible(findTestObject("ADMIN/Edit Text/Bespoke/Buyer Pages/Homepage/toaster_success About"), 0): Object 'Object Repository/ADMIN/Edit Text/Bespoke/Buyer Pages/Homepage/toaster_success About' is visible

2020-03-20 15:05:29 - [MESSAGE][WARNING] - Timeout '0' is invalid. Using default page load timeout: '30'

2020-03-20 15:05:29 - [MESSAGE][PASSED] - Object 'Object Repository/ADMIN/Edit Text/Bespoke/Buyer Pages/Homepage/toaster_success About' is visible]]></system-out>
         <system-err><![CDATA[]]></system-err>
      </testcase>
      <testcase name="Test Cases/ADMIN/Language/Edit Text/Bespoke/Admin Pages/About Us" time="2.26" classname="Test Cases/ADMIN/Language/Edit Text/Bespoke/Admin Pages/About Us" status="PASSED">
         <system-out><![CDATA[2020-03-20 15:05:29 - [TEST_CASE][PASSED] - Test Cases/ADMIN/Language/Edit Text/Bespoke/Admin Pages/About Us: Test Cases/ADMIN/Language/Edit Text/Bespoke/Admin Pages/About Us

2020-03-20 15:05:29 - [TEST_STEP][PASSED] - waitForElementVisible(findTestObject("ADMIN/Edit Text/Bespoke/Buyer Navigation/dd_language"), 0): Object 'Object Repository/ADMIN/Edit Text/Bespoke/Buyer Navigation/dd_language' is visible

2020-03-20 15:05:29 - [MESSAGE][WARNING] - Timeout '0' is invalid. Using default page load timeout: '30'

2020-03-20 15:05:29 - [MESSAGE][PASSED] - Object 'Object Repository/ADMIN/Edit Text/Bespoke/Buyer Navigation/dd_language' is visible

2020-03-20 15:05:29 - [TEST_STEP][PASSED] - selectOptionByLabel(findTestObject("ADMIN/Edit Text/Bespoke/Buyer Navigation/dd_language"), varLanguage, false): All options with label 'Chinese (Simplified)' are selected in object 'Object Repository/ADMIN/Edit Text/Bespoke/Buyer Navigation/dd_language' 

2020-03-20 15:05:30 - [MESSAGE][PASSED] - All options with label 'Chinese (Simplified)' are selected in object 'Object Repository/ADMIN/Edit Text/Bespoke/Buyer Navigation/dd_language' 

2020-03-20 15:05:30 - [TEST_STEP][PASSED] - sendKeys(findTestObject("ADMIN/Edit Text/Bespoke/Admin Pages/About Us/input_ABOUT_lbl_title"), "*"): Keys '*' sent to object: 'Object Repository/ADMIN/Edit Text/Bespoke/Admin Pages/About Us/input_ABOUT_lbl_title'

2020-03-20 15:05:31 - [MESSAGE][PASSED] - Keys '*' sent to object: 'Object Repository/ADMIN/Edit Text/Bespoke/Admin Pages/About Us/input_ABOUT_lbl_title'

2020-03-20 15:05:31 - [TEST_STEP][PASSED] - sendKeys(findTestObject("ADMIN/Edit Text/Bespoke/Admin Pages/About Us/div_FontFormat_nicEdit-main nicEdit-selected"), "*"): Keys '*' sent to object: 'Object Repository/ADMIN/Edit Text/Bespoke/Admin Pages/About Us/div_FontFormat_nicEdit-main nicEdit-selected'

2020-03-20 15:05:31 - [MESSAGE][PASSED] - Keys '*' sent to object: 'Object Repository/ADMIN/Edit Text/Bespoke/Admin Pages/About Us/div_FontFormat_nicEdit-main nicEdit-selected'

2020-03-20 15:05:31 - [TEST_STEP][PASSED] - click(findTestObject("ADMIN/Edit Text/Bespoke/Buyer Pages/Homepage/button_save"), CONTINUE_ON_FAILURE): Object: 'Object Repository/ADMIN/Edit Text/Bespoke/Buyer Pages/Homepage/button_save' is clicked on

2020-03-20 15:05:31 - [MESSAGE][PASSED] - Object: 'Object Repository/ADMIN/Edit Text/Bespoke/Buyer Pages/Homepage/button_save' is clicked on

2020-03-20 15:05:31 - [TEST_STEP][PASSED] - waitForElementVisible(findTestObject("ADMIN/Edit Text/Bespoke/Buyer Pages/Homepage/toaster_success About"), 0): Object 'Object Repository/ADMIN/Edit Text/Bespoke/Buyer Pages/Homepage/toaster_success About' is visible

2020-03-20 15:05:31 - [MESSAGE][WARNING] - Timeout '0' is invalid. Using default page load timeout: '30'

2020-03-20 15:05:31 - [MESSAGE][PASSED] - Object 'Object Repository/ADMIN/Edit Text/Bespoke/Buyer Pages/Homepage/toaster_success About' is visible]]></system-out>
         <system-err><![CDATA[]]></system-err>
      </testcase>
      <testcase name="Test Cases/ADMIN/Language/Edit Text/Bespoke/Admin Pages/About Us" time="3.092" classname="Test Cases/ADMIN/Language/Edit Text/Bespoke/Admin Pages/About Us" status="PASSED">
         <system-out><![CDATA[2020-03-20 15:05:31 - [TEST_CASE][PASSED] - Test Cases/ADMIN/Language/Edit Text/Bespoke/Admin Pages/About Us: Test Cases/ADMIN/Language/Edit Text/Bespoke/Admin Pages/About Us

2020-03-20 15:05:31 - [TEST_STEP][PASSED] - waitForElementVisible(findTestObject("ADMIN/Edit Text/Bespoke/Buyer Navigation/dd_language"), 0): Object 'Object Repository/ADMIN/Edit Text/Bespoke/Buyer Navigation/dd_language' is visible

2020-03-20 15:05:31 - [MESSAGE][WARNING] - Timeout '0' is invalid. Using default page load timeout: '30'

2020-03-20 15:05:32 - [MESSAGE][PASSED] - Object 'Object Repository/ADMIN/Edit Text/Bespoke/Buyer Navigation/dd_language' is visible

2020-03-20 15:05:32 - [TEST_STEP][PASSED] - selectOptionByLabel(findTestObject("ADMIN/Edit Text/Bespoke/Buyer Navigation/dd_language"), varLanguage, false): All options with label 'Hebrew' are selected in object 'Object Repository/ADMIN/Edit Text/Bespoke/Buyer Navigation/dd_language' 

2020-03-20 15:05:33 - [MESSAGE][PASSED] - All options with label 'Hebrew' are selected in object 'Object Repository/ADMIN/Edit Text/Bespoke/Buyer Navigation/dd_language' 

2020-03-20 15:05:33 - [TEST_STEP][PASSED] - sendKeys(findTestObject("ADMIN/Edit Text/Bespoke/Admin Pages/About Us/input_ABOUT_lbl_title"), "*"): Keys '*' sent to object: 'Object Repository/ADMIN/Edit Text/Bespoke/Admin Pages/About Us/input_ABOUT_lbl_title'

2020-03-20 15:05:33 - [MESSAGE][PASSED] - Keys '*' sent to object: 'Object Repository/ADMIN/Edit Text/Bespoke/Admin Pages/About Us/input_ABOUT_lbl_title'

2020-03-20 15:05:33 - [TEST_STEP][PASSED] - sendKeys(findTestObject("ADMIN/Edit Text/Bespoke/Admin Pages/About Us/div_FontFormat_nicEdit-main nicEdit-selected"), "*"): Keys '*' sent to object: 'Object Repository/ADMIN/Edit Text/Bespoke/Admin Pages/About Us/div_FontFormat_nicEdit-main nicEdit-selected'

2020-03-20 15:05:33 - [MESSAGE][PASSED] - Keys '*' sent to object: 'Object Repository/ADMIN/Edit Text/Bespoke/Admin Pages/About Us/div_FontFormat_nicEdit-main nicEdit-selected'

2020-03-20 15:05:33 - [TEST_STEP][PASSED] - click(findTestObject("ADMIN/Edit Text/Bespoke/Buyer Pages/Homepage/button_save"), CONTINUE_ON_FAILURE): Object: 'Object Repository/ADMIN/Edit Text/Bespoke/Buyer Pages/Homepage/button_save' is clicked on

2020-03-20 15:05:34 - [MESSAGE][PASSED] - Object: 'Object Repository/ADMIN/Edit Text/Bespoke/Buyer Pages/Homepage/button_save' is clicked on

2020-03-20 15:05:34 - [TEST_STEP][PASSED] - waitForElementVisible(findTestObject("ADMIN/Edit Text/Bespoke/Buyer Pages/Homepage/toaster_success About"), 0): Object 'Object Repository/ADMIN/Edit Text/Bespoke/Buyer Pages/Homepage/toaster_success About' is visible

2020-03-20 15:05:34 - [MESSAGE][WARNING] - Timeout '0' is invalid. Using default page load timeout: '30'

2020-03-20 15:05:34 - [MESSAGE][PASSED] - Object 'Object Repository/ADMIN/Edit Text/Bespoke/Buyer Pages/Homepage/toaster_success About' is visible]]></system-out>
         <system-err><![CDATA[]]></system-err>
      </testcase>
      <testcase name="Test Cases/ADMIN/Language/Edit Text/Bespoke/Admin Pages/About Us" time="3.318" classname="Test Cases/ADMIN/Language/Edit Text/Bespoke/Admin Pages/About Us" status="FAILED">
         <failure type="FAILED" message="Test Cases/ADMIN/Language/Edit Text/Bespoke/Admin Pages/About Us FAILED.
Reason:
com.kms.katalon.core.exception.StepFailedException: Unable to send keys '*' to object 'Object Repository/ADMIN/Edit Text/Bespoke/Admin Pages/About Us/div_FontFormat_nicEdit-main nicEdit-selected' (Root cause: com.kms.katalon.core.exception.StepFailedException: Unable to send keys '*' to object 'Object Repository/ADMIN/Edit Text/Bespoke/Admin Pages/About Us/div_FontFormat_nicEdit-main nicEdit-selected'
	at com.kms.katalon.core.webui.keyword.internal.WebUIKeywordMain.stepFailed(WebUIKeywordMain.groovy:64)
	at com.kms.katalon.core.webui.keyword.internal.WebUIKeywordMain.runKeyword(WebUIKeywordMain.groovy:26)
	at com.kms.katalon.core.webui.keyword.builtin.SendKeysKeyword.sendKeys(SendKeysKeyword.groovy:60)
	at com.kms.katalon.core.webui.keyword.builtin.SendKeysKeyword.execute(SendKeysKeyword.groovy:38)
	at com.kms.katalon.core.keyword.internal.KeywordExecutor.executeKeywordForPlatform(KeywordExecutor.groovy:72)
	at com.kms.katalon.core.webui.keyword.WebUiBuiltInKeywords.sendKeys(WebUiBuiltInKeywords.groovy:860)
	at com.kms.katalon.core.webui.keyword.WebUiBuiltInKeywords$sendKeys$2.call(Unknown Source)
	at About Us.run(About Us:24)
	at com.kms.katalon.core.main.ScriptEngine.run(ScriptEngine.java:194)
	at com.kms.katalon.core.main.ScriptEngine.runScriptAsRawText(ScriptEngine.java:119)
	at com.kms.katalon.core.main.TestCaseExecutor.runScript(TestCaseExecutor.java:337)
	at com.kms.katalon.core.main.TestCaseExecutor.doExecute(TestCaseExecutor.java:328)
	at com.kms.katalon.core.main.TestCaseExecutor.processExecutionPhase(TestCaseExecutor.java:307)
	at com.kms.katalon.core.main.TestCaseExecutor.accessMainPhase(TestCaseExecutor.java:299)
	at com.kms.katalon.core.main.TestCaseExecutor.execute(TestCaseExecutor.java:233)
	at com.kms.katalon.core.main.TestSuiteExecutor.accessTestCaseMainPhase(TestSuiteExecutor.java:169)
	at com.kms.katalon.core.main.TestSuiteExecutor.accessTestSuiteMainPhase(TestSuiteExecutor.java:142)
	at com.kms.katalon.core.main.TestSuiteExecutor.execute(TestSuiteExecutor.java:91)
	at com.kms.katalon.core.main.TestCaseMain.startTestSuite(TestCaseMain.java:157)
	at com.kms.katalon.core.main.TestCaseMain$startTestSuite$0.call(Unknown Source)
	at TempTestSuite1584687880497.run(TempTestSuite1584687880497.groovy:36)
Caused by: org.openqa.selenium.ElementNotInteractableException: element not interactable
  (Session info: chrome=80.0.3987.149)
Build info: version: '3.141.59', revision: 'e82be7d358', time: '2018-11-14T08:25:53'
System info: host: 'ARCADIER-03', ip: '192.168.254.105', os.name: 'Windows 7', os.arch: 'amd64', os.version: '6.1', java.version: '1.8.0_181'
Driver info: com.kms.katalon.core.webui.driver.ExistingRemoteWebDriver
Capabilities {javascriptEnabled: true, platform: ANY, platformName: ANY}
Session ID: 1047ba07f4d7d3f0b09558b7ee935cff
	at org.openqa.selenium.remote.http.W3CHttpResponseCodec.createException(W3CHttpResponseCodec.java:187)
	at org.openqa.selenium.remote.http.W3CHttpResponseCodec.decode(W3CHttpResponseCodec.java:122)
	at org.openqa.selenium.remote.http.W3CHttpResponseCodec.decode(W3CHttpResponseCodec.java:49)
	at org.openqa.selenium.remote.HttpCommandExecutor.execute(HttpCommandExecutor.java:158)
	at org.openqa.selenium.remote.RemoteWebDriver.execute(RemoteWebDriver.java:552)
	at com.kms.katalon.core.webui.driver.ExistingRemoteWebDriver.execute(ExistingRemoteWebDriver.java:108)
	at org.openqa.selenium.remote.RemoteWebElement.execute(RemoteWebElement.java:285)
	at org.openqa.selenium.remote.RemoteWebElement.sendKeys(RemoteWebElement.java:106)
	at org.openqa.selenium.support.events.EventFiringWebDriver$EventFiringWebElement.lambda$new$0(EventFiringWebDriver.java:404)
	at com.sun.proxy.$Proxy9.sendKeys(Unknown Source)
	at org.openqa.selenium.support.events.EventFiringWebDriver$EventFiringWebElement.sendKeys(EventFiringWebDriver.java:429)
	at com.kms.katalon.core.webui.keyword.builtin.SendKeysKeyword$_sendKeys_closure1.doCall(SendKeysKeyword.groovy:53)
	at com.kms.katalon.core.webui.keyword.builtin.SendKeysKeyword$_sendKeys_closure1.call(SendKeysKeyword.groovy)
	at com.kms.katalon.core.webui.keyword.internal.WebUIKeywordMain.runKeyword(WebUIKeywordMain.groovy:20)
	at com.kms.katalon.core.webui.keyword.builtin.SendKeysKeyword.sendKeys(SendKeysKeyword.groovy:60)
	at com.kms.katalon.core.webui.keyword.builtin.SendKeysKeyword.execute(SendKeysKeyword.groovy:38)
	at com.kms.katalon.core.keyword.internal.KeywordExecutor.executeKeywordForPlatform(KeywordExecutor.groovy:72)
	at com.kms.katalon.core.webui.keyword.WebUiBuiltInKeywords.sendKeys(WebUiBuiltInKeywords.groovy:860)
	at com.kms.katalon.core.webui.keyword.WebUiBuiltInKeywords$sendKeys$2.call(Unknown Source)
	at Script1582177029370.run(Script1582177029370.groovy:24)
	... 13 more
)
	at com.kms.katalon.core.keyword.internal.KeywordMain.stepFailed(KeywordMain.groovy:39)
	at com.kms.katalon.core.webui.keyword.internal.WebUIKeywordMain.stepFailed(WebUIKeywordMain.groovy:64)
	at com.kms.katalon.core.webui.keyword.internal.WebUIKeywordMain.runKeyword(WebUIKeywordMain.groovy:26)
	at com.kms.katalon.core.webui.keyword.builtin.SendKeysKeyword.sendKeys(SendKeysKeyword.groovy:60)
	at com.kms.katalon.core.webui.keyword.builtin.SendKeysKeyword.execute(SendKeysKeyword.groovy:38)
	at com.kms.katalon.core.keyword.internal.KeywordExecutor.executeKeywordForPlatform(KeywordExecutor.groovy:72)
	at com.kms.katalon.core.webui.keyword.WebUiBuiltInKeywords.sendKeys(WebUiBuiltInKeywords.groovy:860)
	at com.kms.katalon.core.webui.keyword.WebUiBuiltInKeywords$sendKeys$2.call(Unknown Source)
	at About Us.run(About Us:24)
	at com.kms.katalon.core.main.ScriptEngine.run(ScriptEngine.java:194)
	at com.kms.katalon.core.main.ScriptEngine.runScriptAsRawText(ScriptEngine.java:119)
	at com.kms.katalon.core.main.TestCaseExecutor.runScript(TestCaseExecutor.java:337)
	at com.kms.katalon.core.main.TestCaseExecutor.doExecute(TestCaseExecutor.java:328)
	at com.kms.katalon.core.main.TestCaseExecutor.processExecutionPhase(TestCaseExecutor.java:307)
	at com.kms.katalon.core.main.TestCaseExecutor.accessMainPhase(TestCaseExecutor.java:299)
	at com.kms.katalon.core.main.TestCaseExecutor.execute(TestCaseExecutor.java:233)
	at com.kms.katalon.core.main.TestSuiteExecutor.accessTestCaseMainPhase(TestSuiteExecutor.java:169)
	at com.kms.katalon.core.main.TestSuiteExecutor.accessTestSuiteMainPhase(TestSuiteExecutor.java:142)
	at com.kms.katalon.core.main.TestSuiteExecutor.execute(TestSuiteExecutor.java:91)
	at com.kms.katalon.core.main.TestCaseMain.startTestSuite(TestCaseMain.java:157)
	at com.kms.katalon.core.main.TestCaseMain$startTestSuite$0.call(Unknown Source)
	at TempTestSuite1584687880497.run(TempTestSuite1584687880497.groovy:36)
Caused by: com.kms.katalon.core.exception.StepFailedException: Unable to send keys '*' to object 'Object Repository/ADMIN/Edit Text/Bespoke/Admin Pages/About Us/div_FontFormat_nicEdit-main nicEdit-selected'
	... 21 more
Caused by: org.openqa.selenium.ElementNotInteractableException: element not interactable
  (Session info: chrome=80.0.3987.149)
Build info: version: '3.141.59', revision: 'e82be7d358', time: '2018-11-14T08:25:53'
System info: host: 'ARCADIER-03', ip: '192.168.254.105', os.name: 'Windows 7', os.arch: 'amd64', os.version: '6.1', java.version: '1.8.0_181'
Driver info: com.kms.katalon.core.webui.driver.ExistingRemoteWebDriver
Capabilities {javascriptEnabled: true, platform: ANY, platformName: ANY}
Session ID: 1047ba07f4d7d3f0b09558b7ee935cff
	at org.openqa.selenium.remote.http.W3CHttpResponseCodec.createException(W3CHttpResponseCodec.java:187)
	at org.openqa.selenium.remote.http.W3CHttpResponseCodec.decode(W3CHttpResponseCodec.java:122)
	at org.openqa.selenium.remote.http.W3CHttpResponseCodec.decode(W3CHttpResponseCodec.java:49)
	at org.openqa.selenium.remote.HttpCommandExecutor.execute(HttpCommandExecutor.java:158)
	at org.openqa.selenium.remote.RemoteWebDriver.execute(RemoteWebDriver.java:552)
	at com.kms.katalon.core.webui.driver.ExistingRemoteWebDriver.execute(ExistingRemoteWebDriver.java:108)
	at org.openqa.selenium.remote.RemoteWebElement.execute(RemoteWebElement.java:285)
	at org.openqa.selenium.remote.RemoteWebElement.sendKeys(RemoteWebElement.java:106)
	at org.openqa.selenium.support.events.EventFiringWebDriver$EventFiringWebElement.lambda$new$0(EventFiringWebDriver.java:404)
	at com.sun.proxy.$Proxy9.sendKeys(Unknown Source)
	at org.openqa.selenium.support.events.EventFiringWebDriver$EventFiringWebElement.sendKeys(EventFiringWebDriver.java:429)
	at com.kms.katalon.core.webui.keyword.builtin.SendKeysKeyword$_sendKeys_closure1.doCall(SendKeysKeyword.groovy:53)
	at com.kms.katalon.core.webui.keyword.builtin.SendKeysKeyword$_sendKeys_closure1.call(SendKeysKeyword.groovy)
	at com.kms.katalon.core.webui.keyword.internal.WebUIKeywordMain.runKeyword(WebUIKeywordMain.groovy:20)
	... 19 more
"/>
         <system-out><![CDATA[2020-03-20 15:05:34 - [TEST_CASE][FAILED] - Test Cases/ADMIN/Language/Edit Text/Bespoke/Admin Pages/About Us: Test Cases/ADMIN/Language/Edit Text/Bespoke/Admin Pages/About Us FAILED.
Reason:
com.kms.katalon.core.exception.StepFailedException: Unable to send keys '*' to object 'Object Repository/ADMIN/Edit Text/Bespoke/Admin Pages/About Us/div_FontFormat_nicEdit-main nicEdit-selected' (Root cause: com.kms.katalon.core.exception.StepFailedException: Unable to send keys '*' to object 'Object Repository/ADMIN/Edit Text/Bespoke/Admin Pages/About Us/div_FontFormat_nicEdit-main nicEdit-selected'
	at com.kms.katalon.core.webui.keyword.internal.WebUIKeywordMain.stepFailed(WebUIKeywordMain.groovy:64)
	at com.kms.katalon.core.webui.keyword.internal.WebUIKeywordMain.runKeyword(WebUIKeywordMain.groovy:26)
	at com.kms.katalon.core.webui.keyword.builtin.SendKeysKeyword.sendKeys(SendKeysKeyword.groovy:60)
	at com.kms.katalon.core.webui.keyword.builtin.SendKeysKeyword.execute(SendKeysKeyword.groovy:38)
	at com.kms.katalon.core.keyword.internal.KeywordExecutor.executeKeywordForPlatform(KeywordExecutor.groovy:72)
	at com.kms.katalon.core.webui.keyword.WebUiBuiltInKeywords.sendKeys(WebUiBuiltInKeywords.groovy:860)
	at com.kms.katalon.core.webui.keyword.WebUiBuiltInKeywords$sendKeys$2.call(Unknown Source)
	at About Us.run(About Us:24)
	at com.kms.katalon.core.main.ScriptEngine.run(ScriptEngine.java:194)
	at com.kms.katalon.core.main.ScriptEngine.runScriptAsRawText(ScriptEngine.java:119)
	at com.kms.katalon.core.main.TestCaseExecutor.runScript(TestCaseExecutor.java:337)
	at com.kms.katalon.core.main.TestCaseExecutor.doExecute(TestCaseExecutor.java:328)
	at com.kms.katalon.core.main.TestCaseExecutor.processExecutionPhase(TestCaseExecutor.java:307)
	at com.kms.katalon.core.main.TestCaseExecutor.accessMainPhase(TestCaseExecutor.java:299)
	at com.kms.katalon.core.main.TestCaseExecutor.execute(TestCaseExecutor.java:233)
	at com.kms.katalon.core.main.TestSuiteExecutor.accessTestCaseMainPhase(TestSuiteExecutor.java:169)
	at com.kms.katalon.core.main.TestSuiteExecutor.accessTestSuiteMainPhase(TestSuiteExecutor.java:142)
	at com.kms.katalon.core.main.TestSuiteExecutor.execute(TestSuiteExecutor.java:91)
	at com.kms.katalon.core.main.TestCaseMain.startTestSuite(TestCaseMain.java:157)
	at com.kms.katalon.core.main.TestCaseMain$startTestSuite$0.call(Unknown Source)
	at TempTestSuite1584687880497.run(TempTestSuite1584687880497.groovy:36)
Caused by: org.openqa.selenium.ElementNotInteractableException: element not interactable
  (Session info: chrome=80.0.3987.149)
Build info: version: '3.141.59', revision: 'e82be7d358', time: '2018-11-14T08:25:53'
System info: host: 'ARCADIER-03', ip: '192.168.254.105', os.name: 'Windows 7', os.arch: 'amd64', os.version: '6.1', java.version: '1.8.0_181'
Driver info: com.kms.katalon.core.webui.driver.ExistingRemoteWebDriver
Capabilities {javascriptEnabled: true, platform: ANY, platformName: ANY}
Session ID: 1047ba07f4d7d3f0b09558b7ee935cff
	at org.openqa.selenium.remote.http.W3CHttpResponseCodec.createException(W3CHttpResponseCodec.java:187)
	at org.openqa.selenium.remote.http.W3CHttpResponseCodec.decode(W3CHttpResponseCodec.java:122)
	at org.openqa.selenium.remote.http.W3CHttpResponseCodec.decode(W3CHttpResponseCodec.java:49)
	at org.openqa.selenium.remote.HttpCommandExecutor.execute(HttpCommandExecutor.java:158)
	at org.openqa.selenium.remote.RemoteWebDriver.execute(RemoteWebDriver.java:552)
	at com.kms.katalon.core.webui.driver.ExistingRemoteWebDriver.execute(ExistingRemoteWebDriver.java:108)
	at org.openqa.selenium.remote.RemoteWebElement.execute(RemoteWebElement.java:285)
	at org.openqa.selenium.remote.RemoteWebElement.sendKeys(RemoteWebElement.java:106)
	at org.openqa.selenium.support.events.EventFiringWebDriver$EventFiringWebElement.lambda$new$0(EventFiringWebDriver.java:404)
	at com.sun.proxy.$Proxy9.sendKeys(Unknown Source)
	at org.openqa.selenium.support.events.EventFiringWebDriver$EventFiringWebElement.sendKeys(EventFiringWebDriver.java:429)
	at com.kms.katalon.core.webui.keyword.builtin.SendKeysKeyword$_sendKeys_closure1.doCall(SendKeysKeyword.groovy:53)
	at com.kms.katalon.core.webui.keyword.builtin.SendKeysKeyword$_sendKeys_closure1.call(SendKeysKeyword.groovy)
	at com.kms.katalon.core.webui.keyword.internal.WebUIKeywordMain.runKeyword(WebUIKeywordMain.groovy:20)
	at com.kms.katalon.core.webui.keyword.builtin.SendKeysKeyword.sendKeys(SendKeysKeyword.groovy:60)
	at com.kms.katalon.core.webui.keyword.builtin.SendKeysKeyword.execute(SendKeysKeyword.groovy:38)
	at com.kms.katalon.core.keyword.internal.KeywordExecutor.executeKeywordForPlatform(KeywordExecutor.groovy:72)
	at com.kms.katalon.core.webui.keyword.WebUiBuiltInKeywords.sendKeys(WebUiBuiltInKeywords.groovy:860)
	at com.kms.katalon.core.webui.keyword.WebUiBuiltInKeywords$sendKeys$2.call(Unknown Source)
	at Script1582177029370.run(Script1582177029370.groovy:24)
	... 13 more
)
	at com.kms.katalon.core.keyword.internal.KeywordMain.stepFailed(KeywordMain.groovy:39)
	at com.kms.katalon.core.webui.keyword.internal.WebUIKeywordMain.stepFailed(WebUIKeywordMain.groovy:64)
	at com.kms.katalon.core.webui.keyword.internal.WebUIKeywordMain.runKeyword(WebUIKeywordMain.groovy:26)
	at com.kms.katalon.core.webui.keyword.builtin.SendKeysKeyword.sendKeys(SendKeysKeyword.groovy:60)
	at com.kms.katalon.core.webui.keyword.builtin.SendKeysKeyword.execute(SendKeysKeyword.groovy:38)
	at com.kms.katalon.core.keyword.internal.KeywordExecutor.executeKeywordForPlatform(KeywordExecutor.groovy:72)
	at com.kms.katalon.core.webui.keyword.WebUiBuiltInKeywords.sendKeys(WebUiBuiltInKeywords.groovy:860)
	at com.kms.katalon.core.webui.keyword.WebUiBuiltInKeywords$sendKeys$2.call(Unknown Source)
	at About Us.run(About Us:24)
	at com.kms.katalon.core.main.ScriptEngine.run(ScriptEngine.java:194)
	at com.kms.katalon.core.main.ScriptEngine.runScriptAsRawText(ScriptEngine.java:119)
	at com.kms.katalon.core.main.TestCaseExecutor.runScript(TestCaseExecutor.java:337)
	at com.kms.katalon.core.main.TestCaseExecutor.doExecute(TestCaseExecutor.java:328)
	at com.kms.katalon.core.main.TestCaseExecutor.processExecutionPhase(TestCaseExecutor.java:307)
	at com.kms.katalon.core.main.TestCaseExecutor.accessMainPhase(TestCaseExecutor.java:299)
	at com.kms.katalon.core.main.TestCaseExecutor.execute(TestCaseExecutor.java:233)
	at com.kms.katalon.core.main.TestSuiteExecutor.accessTestCaseMainPhase(TestSuiteExecutor.java:169)
	at com.kms.katalon.core.main.TestSuiteExecutor.accessTestSuiteMainPhase(TestSuiteExecutor.java:142)
	at com.kms.katalon.core.main.TestSuiteExecutor.execute(TestSuiteExecutor.java:91)
	at com.kms.katalon.core.main.TestCaseMain.startTestSuite(TestCaseMain.java:157)
	at com.kms.katalon.core.main.TestCaseMain$startTestSuite$0.call(Unknown Source)
	at TempTestSuite1584687880497.run(TempTestSuite1584687880497.groovy:36)
Caused by: com.kms.katalon.core.exception.StepFailedException: Unable to send keys '*' to object 'Object Repository/ADMIN/Edit Text/Bespoke/Admin Pages/About Us/div_FontFormat_nicEdit-main nicEdit-selected'
	... 21 more
Caused by: org.openqa.selenium.ElementNotInteractableException: element not interactable
  (Session info: chrome=80.0.3987.149)
Build info: version: '3.141.59', revision: 'e82be7d358', time: '2018-11-14T08:25:53'
System info: host: 'ARCADIER-03', ip: '192.168.254.105', os.name: 'Windows 7', os.arch: 'amd64', os.version: '6.1', java.version: '1.8.0_181'
Driver info: com.kms.katalon.core.webui.driver.ExistingRemoteWebDriver
Capabilities {javascriptEnabled: true, platform: ANY, platformName: ANY}
Session ID: 1047ba07f4d7d3f0b09558b7ee935cff
	at org.openqa.selenium.remote.http.W3CHttpResponseCodec.createException(W3CHttpResponseCodec.java:187)
	at org.openqa.selenium.remote.http.W3CHttpResponseCodec.decode(W3CHttpResponseCodec.java:122)
	at org.openqa.selenium.remote.http.W3CHttpResponseCodec.decode(W3CHttpResponseCodec.java:49)
	at org.openqa.selenium.remote.HttpCommandExecutor.execute(HttpCommandExecutor.java:158)
	at org.openqa.selenium.remote.RemoteWebDriver.execute(RemoteWebDriver.java:552)
	at com.kms.katalon.core.webui.driver.ExistingRemoteWebDriver.execute(ExistingRemoteWebDriver.java:108)
	at org.openqa.selenium.remote.RemoteWebElement.execute(RemoteWebElement.java:285)
	at org.openqa.selenium.remote.RemoteWebElement.sendKeys(RemoteWebElement.java:106)
	at org.openqa.selenium.support.events.EventFiringWebDriver$EventFiringWebElement.lambda$new$0(EventFiringWebDriver.java:404)
	at com.sun.proxy.$Proxy9.sendKeys(Unknown Source)
	at org.openqa.selenium.support.events.EventFiringWebDriver$EventFiringWebElement.sendKeys(EventFiringWebDriver.java:429)
	at com.kms.katalon.core.webui.keyword.builtin.SendKeysKeyword$_sendKeys_closure1.doCall(SendKeysKeyword.groovy:53)
	at com.kms.katalon.core.webui.keyword.builtin.SendKeysKeyword$_sendKeys_closure1.call(SendKeysKeyword.groovy)
	at com.kms.katalon.core.webui.keyword.internal.WebUIKeywordMain.runKeyword(WebUIKeywordMain.groovy:20)
	... 19 more


2020-03-20 15:05:34 - [TEST_STEP][PASSED] - waitForElementVisible(findTestObject("ADMIN/Edit Text/Bespoke/Buyer Navigation/dd_language"), 0): Object 'Object Repository/ADMIN/Edit Text/Bespoke/Buyer Navigation/dd_language' is visible

2020-03-20 15:05:34 - [MESSAGE][WARNING] - Timeout '0' is invalid. Using default page load timeout: '30'

2020-03-20 15:05:35 - [MESSAGE][PASSED] - Object 'Object Repository/ADMIN/Edit Text/Bespoke/Buyer Navigation/dd_language' is visible

2020-03-20 15:05:35 - [TEST_STEP][PASSED] - selectOptionByLabel(findTestObject("ADMIN/Edit Text/Bespoke/Buyer Navigation/dd_language"), varLanguage, false): All options with label 'English' are selected in object 'Object Repository/ADMIN/Edit Text/Bespoke/Buyer Navigation/dd_language' 

2020-03-20 15:05:36 - [MESSAGE][PASSED] - All options with label 'English' are selected in object 'Object Repository/ADMIN/Edit Text/Bespoke/Buyer Navigation/dd_language' 

2020-03-20 15:05:36 - [TEST_STEP][PASSED] - sendKeys(findTestObject("ADMIN/Edit Text/Bespoke/Admin Pages/About Us/input_ABOUT_lbl_title"), "*"): Keys '*' sent to object: 'Object Repository/ADMIN/Edit Text/Bespoke/Admin Pages/About Us/input_ABOUT_lbl_title'

2020-03-20 15:05:36 - [MESSAGE][PASSED] - Keys '*' sent to object: 'Object Repository/ADMIN/Edit Text/Bespoke/Admin Pages/About Us/input_ABOUT_lbl_title'

2020-03-20 15:05:36 - [TEST_STEP][FAILED] - sendKeys(findTestObject("ADMIN/Edit Text/Bespoke/Admin Pages/About Us/div_FontFormat_nicEdit-main nicEdit-selected"), "*"): Unable to send keys '*' to object 'Object Repository/ADMIN/Edit Text/Bespoke/Admin Pages/About Us/div_FontFormat_nicEdit-main nicEdit-selected' (Root cause: com.kms.katalon.core.exception.StepFailedException: Unable to send keys '*' to object 'Object Repository/ADMIN/Edit Text/Bespoke/Admin Pages/About Us/div_FontFormat_nicEdit-main nicEdit-selected'
	at com.kms.katalon.core.webui.keyword.internal.WebUIKeywordMain.stepFailed(WebUIKeywordMain.groovy:64)
	at com.kms.katalon.core.webui.keyword.internal.WebUIKeywordMain.runKeyword(WebUIKeywordMain.groovy:26)
	at com.kms.katalon.core.webui.keyword.builtin.SendKeysKeyword.sendKeys(SendKeysKeyword.groovy:60)
	at com.kms.katalon.core.webui.keyword.builtin.SendKeysKeyword.execute(SendKeysKeyword.groovy:38)
	at com.kms.katalon.core.keyword.internal.KeywordExecutor.executeKeywordForPlatform(KeywordExecutor.groovy:72)
	at com.kms.katalon.core.webui.keyword.WebUiBuiltInKeywords.sendKeys(WebUiBuiltInKeywords.groovy:860)
	at com.kms.katalon.core.webui.keyword.WebUiBuiltInKeywords$sendKeys$2.call(Unknown Source)
	at About Us.run(About Us:24)
	at com.kms.katalon.core.main.ScriptEngine.run(ScriptEngine.java:194)
	at com.kms.katalon.core.main.ScriptEngine.runScriptAsRawText(ScriptEngine.java:119)
	at com.kms.katalon.core.main.TestCaseExecutor.runScript(TestCaseExecutor.java:337)
	at com.kms.katalon.core.main.TestCaseExecutor.doExecute(TestCaseExecutor.java:328)
	at com.kms.katalon.core.main.TestCaseExecutor.processExecutionPhase(TestCaseExecutor.java:307)
	at com.kms.katalon.core.main.TestCaseExecutor.accessMainPhase(TestCaseExecutor.java:299)
	at com.kms.katalon.core.main.TestCaseExecutor.execute(TestCaseExecutor.java:233)
	at com.kms.katalon.core.main.TestSuiteExecutor.accessTestCaseMainPhase(TestSuiteExecutor.java:169)
	at com.kms.katalon.core.main.TestSuiteExecutor.accessTestSuiteMainPhase(TestSuiteExecutor.java:142)
	at com.kms.katalon.core.main.TestSuiteExecutor.execute(TestSuiteExecutor.java:91)
	at com.kms.katalon.core.main.TestCaseMain.startTestSuite(TestCaseMain.java:157)
	at com.kms.katalon.core.main.TestCaseMain$startTestSuite$0.call(Unknown Source)
	at TempTestSuite1584687880497.run(TempTestSuite1584687880497.groovy:36)
Caused by: org.openqa.selenium.ElementNotInteractableException: element not interactable
  (Session info: chrome=80.0.3987.149)
Build info: version: '3.141.59', revision: 'e82be7d358', time: '2018-11-14T08:25:53'
System info: host: 'ARCADIER-03', ip: '192.168.254.105', os.name: 'Windows 7', os.arch: 'amd64', os.version: '6.1', java.version: '1.8.0_181'
Driver info: com.kms.katalon.core.webui.driver.ExistingRemoteWebDriver
Capabilities {javascriptEnabled: true, platform: ANY, platformName: ANY}
Session ID: 1047ba07f4d7d3f0b09558b7ee935cff
	at org.openqa.selenium.remote.http.W3CHttpResponseCodec.createException(W3CHttpResponseCodec.java:187)
	at org.openqa.selenium.remote.http.W3CHttpResponseCodec.decode(W3CHttpResponseCodec.java:122)
	at org.openqa.selenium.remote.http.W3CHttpResponseCodec.decode(W3CHttpResponseCodec.java:49)
	at org.openqa.selenium.remote.HttpCommandExecutor.execute(HttpCommandExecutor.java:158)
	at org.openqa.selenium.remote.RemoteWebDriver.execute(RemoteWebDriver.java:552)
	at com.kms.katalon.core.webui.driver.ExistingRemoteWebDriver.execute(ExistingRemoteWebDriver.java:108)
	at org.openqa.selenium.remote.RemoteWebElement.execute(RemoteWebElement.java:285)
	at org.openqa.selenium.remote.RemoteWebElement.sendKeys(RemoteWebElement.java:106)
	at org.openqa.selenium.support.events.EventFiringWebDriver$EventFiringWebElement.lambda$new$0(EventFiringWebDriver.java:404)
	at com.sun.proxy.$Proxy9.sendKeys(Unknown Source)
	at org.openqa.selenium.support.events.EventFiringWebDriver$EventFiringWebElement.sendKeys(EventFiringWebDriver.java:429)
	at com.kms.katalon.core.webui.keyword.builtin.SendKeysKeyword$_sendKeys_closure1.doCall(SendKeysKeyword.groovy:53)
	at com.kms.katalon.core.webui.keyword.builtin.SendKeysKeyword$_sendKeys_closure1.call(SendKeysKeyword.groovy)
	at com.kms.katalon.core.webui.keyword.internal.WebUIKeywordMain.runKeyword(WebUIKeywordMain.groovy:20)
	at com.kms.katalon.core.webui.keyword.builtin.SendKeysKeyword.sendKeys(SendKeysKeyword.groovy:60)
	at com.kms.katalon.core.webui.keyword.builtin.SendKeysKeyword.execute(SendKeysKeyword.groovy:38)
	at com.kms.katalon.core.keyword.internal.KeywordExecutor.executeKeywordForPlatform(KeywordExecutor.groovy:72)
	at com.kms.katalon.core.webui.keyword.WebUiBuiltInKeywords.sendKeys(WebUiBuiltInKeywords.groovy:860)
	at com.kms.katalon.core.webui.keyword.WebUiBuiltInKeywords$sendKeys$2.call(Unknown Source)
	at Script1582177029370.run(Script1582177029370.groovy:24)
	... 13 more
)

2020-03-20 15:05:37 - [MESSAGE][FAILED] - Unable to send keys '*' to object 'Object Repository/ADMIN/Edit Text/Bespoke/Admin Pages/About Us/div_FontFormat_nicEdit-main nicEdit-selected' (Root cause: com.kms.katalon.core.exception.StepFailedException: Unable to send keys '*' to object 'Object Repository/ADMIN/Edit Text/Bespoke/Admin Pages/About Us/div_FontFormat_nicEdit-main nicEdit-selected'
	at com.kms.katalon.core.webui.keyword.internal.WebUIKeywordMain.stepFailed(WebUIKeywordMain.groovy:64)
[...]

2020-03-20 15:09:15 - [MESSAGE][PASSED] - All options with label 'English' are selected in object 'Object Repository/ADMIN/Edit Text/Bespoke/Buyer Navigation/dd_language' 

2020-03-20 15:09:15 - [TEST_STEP][PASSED] - sendKeys(findTestObject("ADMIN/Edit Text/Bespoke/Admin Pages/Terms of Service/input_TERMS OF SERVICE_lbl_title"), "*"): Keys '*' sent to object: 'Object Repository/ADMIN/Edit Text/Bespoke/Admin Pages/Terms of Service/input_TERMS OF SERVICE_lbl_title'

2020-03-20 15:09:15 - [MESSAGE][PASSED] - Keys '*' sent to object: 'Object Repository/ADMIN/Edit Text/Bespoke/Admin Pages/Terms of Service/input_TERMS OF SERVICE_lbl_title'

2020-03-20 15:09:15 - [TEST_STEP][PASSED] - click(findTestObject("ADMIN/Edit Text/Bespoke/Buyer Pages/Homepage/button_save"), CONTINUE_ON_FAILURE): Object: 'Object Repository/ADMIN/Edit Text/Bespoke/Buyer Pages/Homepage/button_save' is clicked on

2020-03-20 15:09:15 - [MESSAGE][PASSED] - Object: 'Object Repository/ADMIN/Edit Text/Bespoke/Buyer Pages/Homepage/button_save' is clicked on

2020-03-20 15:09:15 - [TEST_STEP][PASSED] - waitForElementVisible(findTestObject("ADMIN/Edit Text/Bespoke/Buyer Pages/Homepage/toaster_success About"), 0): Object 'Object Repository/ADMIN/Edit Text/Bespoke/Buyer Pages/Homepage/toaster_success About' is visible

2020-03-20 15:09:15 - [MESSAGE][WARNING] - Timeout '0' is invalid. Using default page load timeout: '30'

2020-03-20 15:09:16 - [MESSAGE][PASSED] - Object 'Object Repository/ADMIN/Edit Text/Bespoke/Buyer Pages/Homepage/toaster_success About' is visible]]></system-out>
         <system-err><![CDATA[]]></system-err>
      </testcase>
      <system-out><![CDATA[2020-03-20 15:04:43 - [TEST_SUITE][FAILED] - Bespoke Admin Pages: Test Cases/ADMIN/Language/Edit Text/Bespoke/Admin Pages/About Us FAILED.
Reason:
com.kms.katalon.core.exception.StepFailedException: Unable to send keys '*' to object 'Object Repository/ADMIN/Edit Text/Bespoke/Admin Pages/About Us/div_FontFormat_nicEdit-main nicEdit-selected' (Root cause: com.kms.katalon.core.exception.StepFailedException: Unable to send keys '*' to object 'Object Repository/ADMIN/Edit Text/Bespoke/Admin Pages/About Us/div_FontFormat_nicEdit-main nicEdit-selected'
	at com.kms.katalon.core.webui.keyword.internal.WebUIKeywordMain.stepFailed(WebUIKeywordMain.groovy:64)
	at com.kms.katalon.core.webui.keyword.internal.WebUIKeywordMain.runKeyword(WebUIKeywordMain.groovy:26)
	at com.kms.katalon.core.webui.keyword.builtin.SendKeysKeyword.sendKeys(SendKeysKeyword.groovy:60)
	at com.kms.katalon.core.webui.keyword.builtin.SendKeysKeyword.execute(SendKeysKeyword.groovy:38)
	at com.kms.katalon.core.keyword.internal.KeywordExecutor.executeKeywordForPlatform(KeywordExecutor.groovy:72)
	at com.kms.katalon.core.webui.keyword.WebUiBuiltInKeywords.sendKeys(WebUiBuiltInKeywords.groovy:860)
	at com.kms.katalon.core.webui.keyword.WebUiBuiltInKeywords$sendKeys$2.call(Unknown Source)
	at About Us.run(About Us:24)
	at com.kms.katalon.core.main.ScriptEngine.run(ScriptEngine.java:194)
	at com.kms.katalon.core.main.ScriptEngine.runScriptAsRawText(ScriptEngine.java:119)
	at com.kms.katalon.core.main.TestCaseExecutor.runScript(TestCaseExecutor.java:337)
	at com.kms.katalon.core.main.TestCaseExecutor.doExecute(TestCaseExecutor.java:328)
	at com.kms.katalon.core.main.TestCaseExecutor.processExecutionPhase(TestCaseExecutor.java:307)
	at com.kms.katalon.core.main.TestCaseExecutor.accessMainPhase(TestCaseExecutor.java:299)
	at com.kms.katalon.core.main.TestCaseExecutor.execute(TestCaseExecutor.java:233)
	at com.kms.katalon.core.main.TestSuiteExecutor.accessTestCaseMainPhase(TestSuiteExecutor.java:169)
	at com.kms.katalon.core.main.TestSuiteExecutor.accessTestSuiteMainPhase(TestSuiteExecutor.java:142)
	at com.kms.katalon.core.main.TestSuiteExecutor.execute(TestSuiteExecutor.java:91)
	at com.kms.katalon.core.main.TestCaseMain.startTestSuite(TestCaseMain.java:157)
	at com.kms.katalon.core.main.TestCaseMain$startTestSuite$0.call(Unknown Source)
	at TempTestSuite1584687880497.run(TempTestSuite1584687880497.groovy:36)
Caused by: org.openqa.selenium.ElementNotInteractableException: element not interactable
  (Session info: chrome=80.0.3987.149)
Build info: version: '3.141.59', revision: 'e82be7d358', time: '2018-11-14T08:25:53'
System info: host: 'ARCADIER-03', ip: '192.168.254.105', os.name: 'Windows 7', os.arch: 'amd64', os.version: '6.1', java.version: '1.8.0_181'
Driver info: com.kms.katalon.core.webui.driver.ExistingRemoteWebDriver
Capabilities {javascriptEnabled: true, platform: ANY, platformName: ANY}
Session ID: 1047ba07f4d7d3f0b09558b7ee935cff
	at org.openqa.selenium.remote.http.W3CHttpResponseCodec.createException(W3CHttpResponseCodec.java:187)
	at org.openqa.selenium.remote.http.W3CHttpResponseCodec.decode(W3CHttpResponseCodec.java:122)
	at org.openqa.selenium.remote.http.W3CHttpResponseCodec.decode(W3CHttpResponseCodec.java:49)
	at org.openqa.selenium.remote.HttpCommandExecutor.execute(HttpCommandExecutor.java:158)
	at org.openqa.selenium.remote.RemoteWebDriver.execute(RemoteWebDriver.java:552)
	at com.kms.katalon.core.webui.driver.ExistingRemoteWebDriver.execute(ExistingRemoteWebDriver.java:108)
	at org.openqa.selenium.remote.RemoteWebElement.execute(RemoteWebElement.java:285)
	at org.openqa.selenium.remote.RemoteWebElement.sendKeys(RemoteWebElement.java:106)
	at org.openqa.selenium.support.events.EventFiringWebDriver$EventFiringWebElement.lambda$new$0(EventFiringWebDriver.java:404)
	at com.sun.proxy.$Proxy9.sendKeys(Unknown Source)
	at org.openqa.selenium.support.events.EventFiringWebDriver$EventFiringWebElement.sendKeys(EventFiringWebDriver.java:429)
	at com.kms.katalon.core.webui.keyword.builtin.SendKeysKeyword$_sendKeys_closure1.doCall(SendKeysKeyword.groovy:53)
	at com.kms.katalon.core.webui.keyword.builtin.SendKeysKeyword$_sendKeys_closure1.call(SendKeysKeyword.groovy)
	at com.kms.katalon.core.webui.keyword.internal.WebUIKeywordMain.runKeyword(WebUIKeywordMain.groovy:20)
	at com.kms.katalon.core.webui.keyword.builtin.SendKeysKeyword.sendKeys(SendKeysKeyword.groovy:60)
	at com.kms.katalon.core.webui.keyword.builtin.SendKeysKeyword.execute(SendKeysKeyword.groovy:38)
	at com.kms.katalon.core.keyword.internal.KeywordExecutor.executeKeywordForPlatform(KeywordExecutor.groovy:72)
	at com.kms.katalon.core.webui.keyword.WebUiBuiltInKeywords.sendKeys(WebUiBuiltInKeywords.groovy:860)
	at com.kms.katalon.core.webui.keyword.WebUiBuiltInKeywords$sendKeys$2.call(Unknown Source)
	at Script1582177029370.run(Script1582177029370.groovy:24)
	... 13 more
)
	at com.kms.katalon.core.keyword.internal.KeywordMain.stepFailed(KeywordMain.groovy:39)
	at com.kms.katalon.core.webui.keyword.internal.WebUIKeywordMain.stepFailed(WebUIKeywordMain.groovy:64)
	at com.kms.katalon.core.webui.keyword.internal.WebUIKeywordMain.runKeyword(WebUIKeywordMain.groovy:26)
	at com.kms.katalon.core.webui.keyword.builtin.SendKeysKeyword.sendKeys(SendKeysKeyword.groovy:60)
	at com.kms.katalon.core.webui.keyword.builtin.SendKeysKeyword.execute(SendKeysKeyword.groovy:38)
	at com.kms.katalon.core.keyword.internal.KeywordExecutor.executeKeywordForPlatform(KeywordExecutor.groovy:72)
	at com.kms.katalon.core.webui.keyword.WebUiBuiltInKeywords.sendKeys(WebUiBuiltInKeywords.groovy:860)
	at com.kms.katalon.core.webui.keyword.WebUiBuiltInKeywords$sendKeys$2.call(Unknown Source)
	at About Us.run(About Us:24)
	at com.kms.katalon.core.main.ScriptEngine.run(ScriptEngine.java:194)
	at com.kms.katalon.core.main.ScriptEngine.runScriptAsRawText(ScriptEngine.java:119)
	at com.kms.katalon.core.main.TestCaseExecutor.runScript(TestCaseExecutor.java:337)
	at com.kms.katalon.core.main.TestCaseExecutor.doExecute(TestCaseExecutor.java:328)
	at com.kms.katalon.core.main.TestCaseExecutor.processExecutionPhase(TestCaseExecutor.java:307)
	at com.kms.katalon.core.main.TestCaseExecutor.accessMainPhase(TestCaseExecutor.java:299)
	at com.kms.katalon.core.main.TestCaseExecutor.execute(TestCaseExecutor.java:233)
	at com.kms.katalon.core.main.TestSuiteExecutor.accessTestCaseMainPhase(TestSuiteExecutor.java:169)
	at com.kms.katalon.core.main.TestSuiteExecutor.accessTestSuiteMainPhase(TestSuiteExecutor.java:142)
	at com.kms.katalon.core.main.TestSuiteExecutor.execute(TestSuiteExecutor.java:91)
	at com.kms.katalon.core.main.TestCaseMain.startTestSuite(TestCaseMain.java:157)
	at com.kms.katalon.core.main.TestCaseMain$startTestSuite$0.call(Unknown Source)
	at TempTestSuite1584687880497.run(TempTestSuite1584687880497.groovy:36)
Caused by: com.kms.katalon.core.exception.StepFailedException: Unable to send keys '*' to object 'Object Repository/ADMIN/Edit Text/Bespoke/Admin Pages/About Us/div_FontFormat_nicEdit-main nicEdit-selected'
	... 21 more
Caused by: org.openqa.selenium.ElementNotInteractableException: element not interactable
  (Session info: chrome=80.0.3987.149)
Build info: version: '3.141.59', revision: 'e82be7d358', time: '2018-11-14T08:25:53'
System info: host: 'ARCADIER-03', ip: '192.168.254.105', os.name: 'Windows 7', os.arch: 'amd64', os.version: '6.1', java.version: '1.8.0_181'
Driver info: com.kms.katalon.core.webui.driver.ExistingRemoteWebDriver
Capabilities {javascriptEnabled: true, platform: ANY, platformName: ANY}
Session ID: 1047ba07f4d7d3f0b09558b7ee935cff
	at org.openqa.selenium.remote.http.W3CHttpResponseCodec.createException(W3CHttpResponseCodec.java:187)
	at org.openqa.selenium.remote.http.W3CHttpResponseCodec.decode(W3CHttpResponseCodec.java:122)
	at org.openqa.selenium.remote.http.W3CHttpResponseCodec.decode(W3CHttpResponseCodec.java:49)
	at org.openqa.selenium.remote.HttpCommandExecutor.execute(HttpCommandExecutor.java:158)
	at org.openqa.selenium.remote.RemoteWebDriver.execute(RemoteWebDriver.java:552)
	at com.kms.katalon.core.webui.driver.ExistingRemoteWebDriver.execute(ExistingRemoteWebDriver.java:108)
	at org.openqa.selenium.remote.RemoteWebElement.execute(RemoteWebElement.java:285)
	at org.openqa.selenium.remote.RemoteWebElement.sendKeys(RemoteWebElement.java:106)
	at org.openqa.selenium.support.events.EventFiringWebDriver$EventFiringWebElement.lambda$new$0(EventFiringWebDriver.java:404)
	at com.sun.proxy.$Proxy9.sendKeys(Unknown Source)
	at org.openqa.selenium.support.events.EventFiringWebDriver$EventFiringWebElement.sendKeys(EventFiringWebDriver.java:429)
	at com.kms.katalon.core.webui.keyword.builtin.SendKeysKeyword$_sendKeys_closure1.doCall(SendKeysKeyword.groovy:53)
	at com.kms.katalon.core.webui.keyword.builtin.SendKeysKeyword$_sendKeys_closure1.call(SendKeysKeyword.groovy)
	at com.kms.katalon.core.webui.keyword.internal.WebUIKeywordMain.runKeyword(WebUIKeywordMain.groovy:20)
	... 19 more]]></system-out>
      <system-err><![CDATA[2020-03-20 15:04:43 - [TEST_SUITE][FAILED] - Bespoke Admin Pages: Test Cases/ADMIN/Language/Edit Text/Bespoke/Admin Pages/About Us FAILED.
Reason:
com.kms.katalon.core.exception.StepFailedException: Unable to send keys '*' to object 'Object Repository/ADMIN/Edit Text/Bespoke/Admin Pages/About Us/div_FontFormat_nicEdit-main nicEdit-selected' (Root cause: com.kms.katalon.core.exception.StepFailedException: Unable to send keys '*' to object 'Object Repository/ADMIN/Edit Text/Bespoke/Admin Pages/About Us/div_FontFormat_nicEdit-main nicEdit-selected'
	at com.kms.katalon.core.webui.keyword.internal.WebUIKeywordMain.stepFailed(WebUIKeywordMain.groovy:64)
	at com.kms.katalon.core.webui.keyword.internal.WebUIKeywordMain.runKeyword(WebUIKeywordMain.groovy:26)
	at com.kms.katalon.core.webui.keyword.builtin.SendKeysKeyword.sendKeys(SendKeysKeyword.groovy:60)
	at com.kms.katalon.core.webui.keyword.builtin.SendKeysKeyword.execute(SendKeysKeyword.groovy:38)
	at com.kms.katalon.core.keyword.internal.KeywordExecutor.executeKeywordForPlatform(KeywordExecutor.groovy:72)
	at com.kms.katalon.core.webui.keyword.WebUiBuiltInKeywords.sendKeys(WebUiBuiltInKeywords.groovy:860)
	at com.kms.katalon.core.webui.keyword.WebUiBuiltInKeywords$sendKeys$2.call(Unknown Source)
	at About Us.run(About Us:24)
	at com.kms.katalon.core.main.ScriptEngine.run(ScriptEngine.java:194)
	at com.kms.katalon.core.main.ScriptEngine.runScriptAsRawText(ScriptEngine.java:119)
	at com.kms.katalon.core.main.TestCaseExecutor.runScript(TestCaseExecutor.java:337)
	at com.kms.katalon.core.main.TestCaseExecutor.doExecute(TestCaseExecutor.java:328)
	at com.kms.katalon.core.main.TestCaseExecutor.processExecutionPhase(TestCaseExecutor.java:307)
	at com.kms.katalon.core.main.TestCaseExecutor.accessMainPhase(TestCaseExecutor.java:299)
	at com.kms.katalon.core.main.TestCaseExecutor.execute(TestCaseExecutor.java:233)
	at com.kms.katalon.core.main.TestSuiteExecutor.accessTestCaseMainPhase(TestSuiteExecutor.java:169)
	at com.kms.katalon.core.main.TestSuiteExecutor.accessTestSuiteMainPhase(TestSuiteExecutor.java:142)
	at com.kms.katalon.core.main.TestSuiteExecutor.execute(TestSuiteExecutor.java:91)
	at com.kms.katalon.core.main.TestCaseMain.startTestSuite(TestCaseMain.java:157)
	at com.kms.katalon.core.main.TestCaseMain$startTestSuite$0.call(Unknown Source)
	at TempTestSuite1584687880497.run(TempTestSuite1584687880497.groovy:36)
Caused by: org.openqa.selenium.ElementNotInteractableException: element not interactable
  (Session info: chrome=80.0.3987.149)
Build info: version: '3.141.59', revision: 'e82be7d358', time: '2018-11-14T08:25:53'
System info: host: 'ARCADIER-03', ip: '192.168.254.105', os.name: 'Windows 7', os.arch: 'amd64', os.version: '6.1', java.version: '1.8.0_181'
Driver info: com.kms.katalon.core.webui.driver.ExistingRemoteWebDriver
Capabilities {javascriptEnabled: true, platform: ANY, platformName: ANY}
Session ID: 1047ba07f4d7d3f0b09558b7ee935cff
	at org.openqa.selenium.remote.http.W3CHttpResponseCodec.createException(W3CHttpResponseCodec.java:187)
	at org.openqa.selenium.remote.http.W3CHttpResponseCodec.decode(W3CHttpResponseCodec.java:122)
	at org.openqa.selenium.remote.http.W3CHttpResponseCodec.decode(W3CHttpResponseCodec.java:49)
	at org.openqa.selenium.remote.HttpCommandExecutor.execute(HttpCommandExecutor.java:158)
	at org.openqa.selenium.remote.RemoteWebDriver.execute(RemoteWebDriver.java:552)
	at com.kms.katalon.core.webui.driver.ExistingRemoteWebDriver.execute(ExistingRemoteWebDriver.java:108)
	at org.openqa.selenium.remote.RemoteWebElement.execute(RemoteWebElement.java:285)
	at org.openqa.selenium.remote.RemoteWebElement.sendKeys(RemoteWebElement.java:106)
	at org.openqa.selenium.support.events.EventFiringWebDriver$EventFiringWebElement.lambda$new$0(EventFiringWebDriver.java:404)
	at com.sun.proxy.$Proxy9.sendKeys(Unknown Source)
	at org.openqa.selenium.support.events.EventFiringWebDriver$EventFiringWebElement.sendKeys(EventFiringWebDriver.java:429)
	at com.kms.katalon.core.webui.keyword.builtin.SendKeysKeyword$_sendKeys_closure1.doCall(SendKeysKeyword.groovy:53)
	at com.kms.katalon.core.webui.keyword.builtin.SendKeysKeyword$_sendKeys_closure1.call(SendKeysKeyword.groovy)
	at com.kms.katalon.core.webui.keyword.internal.WebUIKeywordMain.runKeyword(WebUIKeywordMain.groovy:20)
	at com.kms.katalon.core.webui.keyword.builtin.SendKeysKeyword.sendKeys(SendKeysKeyword.groovy:60)
	at com.kms.katalon.core.webui.keyword.builtin.SendKeysKeyword.execute(SendKeysKeyword.groovy:38)
	at com.kms.katalon.core.keyword.internal.KeywordExecutor.executeKeywordForPlatform(KeywordExecutor.groovy:72)
	at com.kms.katalon.core.webui.keyword.WebUiBuiltInKeywords.sendKeys(WebUiBuiltInKeywords.groovy:860)
	at com.kms.katalon.core.webui.keyword.WebUiBuiltInKeywords$sendKeys$2.call(Unknown Source)
	at Script1582177029370.run(Script1582177029370.groovy:24)
	... 13 more
)
	at com.kms.katalon.core.keyword.internal.KeywordMain.stepFailed(KeywordMain.groovy:39)
	at com.kms.katalon.core.webui.keyword.internal.WebUIKeywordMain.stepFailed(WebUIKeywordMain.groovy:64)
	at com.kms.katalon.core.webui.keyword.internal.WebUIKeywordMain.runKeyword(WebUIKeywordMain.groovy:26)
	at com.kms.katalon.core.webui.keyword.builtin.SendKeysKeyword.sendKeys(SendKeysKeyword.groovy:60)
	at com.kms.katalon.core.webui.keyword.builtin.SendKeysKeyword.execute(SendKeysKeyword.groovy:38)
	at com.kms.katalon.core.keyword.internal.KeywordExecutor.executeKeywordForPlatform(KeywordExecutor.groovy:72)
	at com.kms.katalon.core.webui.keyword.WebUiBuiltInKeywords.sendKeys(WebUiBuiltInKeywords.groovy:860)
	at com.kms.katalon.core.webui.keyword.WebUiBuiltInKeywords$sendKeys$2.call(Unknown Source)
	at About Us.run(About Us:24)
	at com.kms.katalon.core.main.ScriptEngine.run(ScriptEngine.java:194)
	at com.kms.katalon.core.main.ScriptEngine.runScriptAsRawText(ScriptEngine.java:119)
	at com.kms.katalon.core.main.TestCaseExecutor.runScript(TestCaseExecutor.java:337)
	at com.kms.katalon.core.main.TestCaseExecutor.doExecute(TestCaseExecutor.java:328)
	at com.kms.katalon.core.main.TestCaseExecutor.processExecutionPhase(TestCaseExecutor.java:307)
	at com.kms.katalon.core.main.TestCaseExecutor.accessMainPhase(TestCaseExecutor.java:299)
	at com.kms.katalon.core.main.TestCaseExecutor.execute(TestCaseExecutor.java:233)
	at com.kms.katalon.core.main.TestSuiteExecutor.accessTestCaseMainPhase(TestSuiteExecutor.java:169)
	at com.kms.katalon.core.main.TestSuiteExecutor.accessTestSuiteMainPhase(TestSuiteExecutor.java:142)
	at com.kms.katalon.core.main.TestSuiteExecutor.execute(TestSuiteExecutor.java:91)
	at com.kms.katalon.core.main.TestCaseMain.startTestSuite(TestCaseMain.java:157)
	at com.kms.katalon.core.main.TestCaseMain$startTestSuite$0.call(Unknown Source)
	at TempTestSuite1584687880497.run(TempTestSuite1584687880497.groovy:36)
Caused by: com.kms.katalon.core.exception.StepFailedException: Unable to send keys '*' to object 'Object Repository/ADMIN/Edit Text/Bespoke/Admin Pages/About Us/div_FontFormat_nicEdit-main nicEdit-selected'
	... 21 more
Caused by: org.openqa.selenium.ElementNotInteractableException: element not interactable
  (Session info: chrome=80.0.3987.149)
Build info: version: '3.141.59', revision: 'e82be7d358', time: '2018-11-14T08:25:53'
System info: host: 'ARCADIER-03', ip: '192.168.254.105', os.name: 'Windows 7', os.arch: 'amd64', os.version: '6.1', java.version: '1.8.0_181'
Driver info: com.kms.katalon.core.webui.driver.ExistingRemoteWebDriver
Capabilities {javascriptEnabled: true, platform: ANY, platformName: ANY}
Session ID: 1047ba07f4d7d3f0b09558b7ee935cff
	at org.openqa.selenium.remote.http.W3CHttpResponseCodec.createException(W3CHttpResponseCodec.java:187)
	at org.openqa.selenium.remote.http.W3CHttpResponseCodec.decode(W3CHttpResponseCodec.java:122)
	at org.openqa.selenium.remote.http.W3CHttpResponseCodec.decode(W3CHttpResponseCodec.java:49)
	at org.openqa.selenium.remote.HttpCommandExecutor.execute(HttpCommandExecutor.java:158)
	at org.openqa.selenium.remote.RemoteWebDriver.execute(RemoteWebDriver.java:552)
	at com.kms.katalon.core.webui.driver.ExistingRemoteWebDriver.execute(ExistingRemoteWebDriver.java:108)
	at org.openqa.selenium.remote.RemoteWebElement.execute(RemoteWebElement.java:285)
	at org.openqa.selenium.remote.RemoteWebElement.sendKeys(RemoteWebElement.java:106)
	at org.openqa.selenium.support.events.EventFiringWebDriver$EventFiringWebElement.lambda$new$0(EventFiringWebDriver.java:404)
	at com.sun.proxy.$Proxy9.sendKeys(Unknown Source)
	at org.openqa.selenium.support.events.EventFiringWebDriver$EventFiringWebElement.sendKeys(EventFiringWebDriver.java:429)
	at com.kms.katalon.core.webui.keyword.builtin.SendKeysKeyword$_sendKeys_closure1.doCall(SendKeysKeyword.groovy:53)
	at com.kms.katalon.core.webui.keyword.builtin.SendKeysKeyword$_sendKeys_closure1.call(SendKeysKeyword.groovy)
	at com.kms.katalon.core.webui.keyword.internal.WebUIKeywordMain.runKeyword(WebUIKeywordMain.groovy:20)
	... 19 more]]></system-err>
   </testsuite>
</testsuites>
